11:24:52 INFO  : Registering command handlers for SDK TCF services
11:24:58 INFO  : Launching XSCT server: xsct.bat -interactive C:\Users\Thomas\Documents\GitHub\Hello_World3\Hello_World3.sdk\temp_xsdb_launch_script.tcl
11:25:19 INFO  : XSCT server has started successfully.
11:25:27 INFO  : Successfully done setting XSCT server connection channel  
11:25:27 INFO  : Successfully done setting SDK workspace  
11:25:27 INFO  : Processing command line option -hwspec C:/Users/Thomas/Documents/GitHub/Hello_World3/Hello_World3.sdk/design_1_wrapper.hdf.
11:32:50 INFO  : Launching XSCT server: xsct.bat -interactive C:\Users\Thomas\Documents\GitHub\Hello_World3\Hello_World3.sdk\temp_xsdb_launch_script.tcl
11:33:12 INFO  : XSCT server has started successfully.
11:33:12 INFO  : Successfully done setting XSCT server connection channel  
11:33:26 INFO  : Successfully done setting SDK workspace  
11:33:32 INFO  : Registering command handlers for SDK TCF services
11:33:44 INFO  : Processing command line option -hwspec C:/Users/Thomas/Documents/GitHub/Hello_World3/Hello_World3.sdk/design_1_wrapper.hdf.
11:33:44 INFO  : Checking for hwspec changes in the project design_1_wrapper_hw_platform_0.
19:05:04 INFO  : Registering command handlers for SDK TCF services
19:05:06 INFO  : Launching XSCT server: xsct.bat -interactive C:\Users\Thomas\Documents\GitHub\Hello_World3\Hello_World3.sdk\temp_xsdb_launch_script.tcl
19:05:21 INFO  : XSCT server has started successfully.
19:05:21 INFO  : Successfully done setting XSCT server connection channel  
19:05:24 INFO  : Successfully done setting SDK workspace  
19:05:24 INFO  : Processing command line option -hwspec C:/Users/Thomas/Documents/GitHub/Hello_World3/Hello_World3.sdk/design_1_wrapper.hdf.
19:05:24 INFO  : Checking for hwspec changes in the project design_1_wrapper_hw_platform_0.
19:05:29 INFO  : SDK has detected change in the last modified timestamps for source hardware specification file Source:1510012924391,  Project:1509825781591
19:05:29 INFO  : The hardware specification for project 'design_1_wrapper_hw_platform_0' is different from C:/Users/Thomas/Documents/GitHub/Hello_World3/Hello_World3.sdk/design_1_wrapper.hdf.
19:05:29 INFO  : Copied contents of C:/Users/Thomas/Documents/GitHub/Hello_World3/Hello_World3.sdk/design_1_wrapper.hdf into \design_1_wrapper_hw_platform_0\system.hdf.
19:05:30 INFO  : Synchronizing projects in the workspace with the hardware platform specification changes.
19:05:38 INFO  : 
19:05:40 INFO  : Updating hardware inferred compiler options for Hello_World.
19:05:41 INFO  : Updating hardware inferred compiler options for Hello_World2.
19:05:42 INFO  : Clearing existing target manager status.
19:05:42 WARN  : Given IPC port value is invalid. Using default port 2350
19:05:42 WARN  : Given XMD timeout value is invalid. Using default value of 50000
19:06:04 WARN  : Given XMD transaction timeout value is invalid. Using default value of 60000 milli seconds
19:35:57 ERROR : Unexpected error while parsing XMD response ?: com.google.gson.JsonSyntaxException: com.google.gson.stream.MalformedJsonException: invalid number or unquoted string near 
19:59:46 INFO  : Registering command handlers for SDK TCF services
19:59:49 INFO  : Launching XSCT server: xsct.bat -interactive C:\Users\Thomas\Documents\GitHub\Hello_World3\Hello_World3.sdk\temp_xsdb_launch_script.tcl
19:59:59 INFO  : XSCT server has started successfully.
19:59:59 INFO  : Successfully done setting XSCT server connection channel  
20:00:02 INFO  : Successfully done setting SDK workspace  
20:00:02 INFO  : Processing command line option -hwspec C:/Users/Thomas/Documents/GitHub/Hello_World3/Hello_World3.sdk/design_1_wrapper.hdf.
20:00:02 INFO  : Checking for hwspec changes in the project design_1_wrapper_hw_platform_0.
21:46:01 INFO  : Registering command handlers for SDK TCF services
21:46:03 INFO  : Launching XSCT server: xsct.bat -interactive C:\Users\Thomas\Documents\GitHub\Hello_World3\Hello_World3.sdk\temp_xsdb_launch_script.tcl
21:46:12 INFO  : XSCT server has started successfully.
21:46:15 INFO  : Successfully done setting XSCT server connection channel  
21:46:15 INFO  : Successfully done setting SDK workspace  
21:46:15 INFO  : Processing command line option -hwspec C:/Users/Thomas/Documents/GitHub/Hello_World3/Hello_World3.sdk/design_1_wrapper.hdf.
22:42:49 INFO  : Registering command handlers for SDK TCF services
22:42:52 INFO  : Launching XSCT server: xsct.bat -interactive C:\Users\Thomas\Documents\GitHub\Hello_World3\Hello_World3.sdk\temp_xsdb_launch_script.tcl
22:43:00 INFO  : XSCT server has started successfully.
22:43:02 INFO  : Successfully done setting XSCT server connection channel  
22:43:02 INFO  : Successfully done setting SDK workspace  
22:43:02 INFO  : Processing command line option -hwspec C:/Users/Thomas/Documents/GitHub/Hello_World3/Hello_World3.sdk/design_1_wrapper.hdf.
22:43:02 INFO  : Checking for hwspec changes in the project design_1_wrapper_hw_platform_0.
17:22:52 INFO  : Registering command handlers for SDK TCF services
17:22:54 INFO  : Launching XSCT server: xsct.bat -interactive C:\Users\Thomas\Documents\GitHub\Hello_World3\Hello_World3.sdk\temp_xsdb_launch_script.tcl
17:23:04 INFO  : XSCT server has started successfully.
17:23:04 INFO  : Successfully done setting XSCT server connection channel  
17:23:07 INFO  : Successfully done setting SDK workspace  
17:23:07 INFO  : Processing command line option -hwspec C:/Users/Thomas/Documents/GitHub/Hello_World3/Hello_World3.sdk/design_1_wrapper.hdf.
17:23:07 INFO  : Checking for hwspec changes in the project design_1_wrapper_hw_platform_0.
17:49:34 INFO  : Connected to target on host '127.0.0.1' and port '3121'.
17:53:39 INFO  : Connected to target on host '127.0.0.1' and port '3121'.
17:53:40 INFO  : 'targets -set -filter {jtag_cable_name =~ "Digilent Arty S7 - 50 210352A6BE66A" && level==0} -index 0' command is executed.
17:53:41 INFO  : FPGA configured successfully with bitstream "C:/Users/Thomas/Documents/GitHub/Hello_World3/Hello_World3.sdk/design_1_wrapper_hw_platform_0/download.bit"
17:57:01 WARN  : Given IPC port value is invalid. Using default port 2350
17:57:01 WARN  : Given XMD timeout value is invalid. Using default value of 50000
17:57:10 WARN  : Given XMD transaction timeout value is invalid. Using default value of 60000 milli seconds
18:00:07 WARN  : Given XMD transaction timeout value is invalid. Using default value of 60000 milli seconds
18:00:15 WARN  : Given XMD transaction timeout value is invalid. Using default value of 60000 milli seconds
18:00:15 ERROR : Unexpected error while launching program.
java.lang.IllegalArgumentException: Path for project must have only one segment.
	at org.eclipse.core.runtime.Assert.isLegal(Assert.java:63)
	at org.eclipse.core.internal.resources.WorkspaceRoot.getProject(WorkspaceRoot.java:147)
	at org.eclipse.cdt.debug.core.CDebugUtils.verifyCProject(CDebugUtils.java:618)
	at org.eclipse.cdt.debug.core.CDebugUtils.verifyProgramPath(CDebugUtils.java:655)
	at org.eclipse.cdt.debug.core.CDebugUtils.verifyProgramPath(CDebugUtils.java:707)
	at com.xilinx.sdk.debug.core.XilinxAppLaunchConfigurationDelegate.debugApplication(XilinxAppLaunchConfigurationDelegate.java:663)
	at com.xilinx.sdk.debug.core.XilinxAppLaunchConfigurationDelegate.launch(XilinxAppLaunchConfigurationDelegate.java:311)
	at com.xilinx.sdk.debug.ui.XilinxAppLaunchDelegateWrapper.launch(XilinxAppLaunchDelegateWrapper.java:31)
	at org.eclipse.debug.internal.core.LaunchConfiguration.launch(LaunchConfiguration.java:885)
	at org.eclipse.debug.internal.core.LaunchConfiguration.launch(LaunchConfiguration.java:739)
	at org.eclipse.debug.internal.ui.DebugUIPlugin.buildAndLaunch(DebugUIPlugin.java:1039)
	at org.eclipse.debug.internal.ui.DebugUIPlugin$8.run(DebugUIPlugin.java:1256)
	at org.eclipse.core.internal.jobs.Worker.run(Worker.java:55)
18:07:40 INFO  : 'targets -set -filter {jtag_cable_name =~ "Digilent Arty S7 - 50 210352A6BE66A" && level==0} -index 0' command is executed.
18:07:41 INFO  : 'fpga -state' command is executed.
18:07:41 INFO  : Connected to target on host '127.0.0.1' and port '3121'.
18:07:41 INFO  : Jtag cable 'Digilent Arty S7 - 50 210352A6BE66A' is selected.
18:07:41 INFO  : 'jtag frequency' command is executed.
18:07:42 INFO  : Context for processor 'microblaze_0' is selected.
18:07:42 INFO  : Processor reset is completed for 'microblaze_0'.
18:07:42 INFO  : Context for processor 'microblaze_0' is selected.
18:07:42 INFO  : The application 'C:/Users/Thomas/Documents/GitHub/Hello_World3/Hello_World3.sdk/Hello_WaveGen/Debug/Hello_WaveGen.elf' is downloaded to processor 'microblaze_0'.
18:07:42 INFO  : ----------------XSDB Script----------------
connect -url tcp:127.0.0.1:3121
targets -set -nocase -filter {name =~ "microblaze*#0" && bscan=="USER2"  && jtag_cable_name =~ "Digilent Arty S7 - 50 210352A6BE66A"} -index 0
rst -processor
targets -set -nocase -filter {name =~ "microblaze*#0" && bscan=="USER2"  && jtag_cable_name =~ "Digilent Arty S7 - 50 210352A6BE66A"} -index 0
dow C:/Users/Thomas/Documents/GitHub/Hello_World3/Hello_World3.sdk/Hello_WaveGen/Debug/Hello_WaveGen.elf
----------------End of Script----------------

18:07:43 INFO  : Memory regions updated for context MicroBlaze #0
18:07:43 INFO  : Memory regions updated for context MicroBlaze Debug Module at USER2
18:07:43 INFO  : Context for processor 'microblaze_0' is selected.
18:07:43 INFO  : 'con' command is executed.
18:07:43 INFO  : ----------------XSDB Script (After Launch)----------------
targets -set -nocase -filter {name =~ "microblaze*#0" && bscan=="USER2"  && jtag_cable_name =~ "Digilent Arty S7 - 50 210352A6BE66A"} -index 0
con
----------------End of Script----------------

18:07:43 INFO  : Launch script is exported to file 'C:\Users\Thomas\Documents\GitHub\Hello_World3\Hello_World3.sdk\.sdk\launch_scripts\xilinx_c-c++_application_(system_debugger)\system_debugger_using_debug_hello_wavegen.elf_on_local.tcl'
18:09:34 INFO  : Connected to target on host '127.0.0.1' and port '3121'.
18:16:14 INFO  : Disconnected from the channel tcfchan#1.
18:22:35 ERROR : Unexpected error while parsing XMD response ?: com.google.gson.JsonSyntaxException: com.google.gson.stream.MalformedJsonException: invalid number or unquoted string near 
18:23:26 INFO  : Registering command handlers for SDK TCF services
18:23:28 INFO  : Launching XSCT server: xsct.bat -interactive C:\Users\Thomas\Documents\GitHub\Hello_World3\Hello_World3.sdk\temp_xsdb_launch_script.tcl
18:23:34 INFO  : XSCT server has started successfully.
18:23:34 INFO  : Successfully done setting XSCT server connection channel  
18:23:36 INFO  : Successfully done setting SDK workspace  
18:23:36 INFO  : Processing command line option -hwspec C:/Users/Thomas/Documents/GitHub/Hello_World3/Hello_World3.sdk/design_1_wrapper.hdf.
18:23:37 INFO  : Checking for hwspec changes in the project design_1_wrapper_hw_platform_0.
18:25:12 INFO  : Connected to target on host '127.0.0.1' and port '3121'.
18:25:13 INFO  : 'targets -set -filter {jtag_cable_name =~ "Digilent Arty S7 - 50 210352A6BE66A" && level==0} -index 0' command is executed.
18:25:14 INFO  : FPGA configured successfully with bitstream "C:/Users/Thomas/Documents/GitHub/Hello_World3/Hello_World3.sdk/design_1_wrapper_hw_platform_0/download.bit"
18:30:11 INFO  : 'targets -set -filter {jtag_cable_name =~ "Digilent Arty S7 - 50 210352A6BE66A" && level==0} -index 0' command is executed.
18:30:11 INFO  : 'fpga -state' command is executed.
18:30:11 ERROR : Failed to connect to hardware server on host '127.0.0.1' and port '3121'.
Reason: 'connect -url tcp:127.0.0.1:3121' is cancelled.
18:30:11 INFO  : ----------------XSDB Script----------------
connect -url tcp:127.0.0.1:3121
----------------End of Script----------------

18:31:07 WARN  : Given IPC port value is invalid. Using default port 2350
18:31:07 WARN  : Given XMD timeout value is invalid. Using default value of 50000
18:31:15 WARN  : Given XMD transaction timeout value is invalid. Using default value of 60000 milli seconds
18:44:36 INFO  : 'targets -set -filter {jtag_cable_name =~ "Digilent Arty S7 - 50 210352A6BE66A" && level==0} -index 0' command is executed.
18:44:36 INFO  : 'fpga -state' command is executed.
18:44:36 INFO  : Connected to target on host '127.0.0.1' and port '3121'.
18:44:37 INFO  : Jtag cable 'Digilent Arty S7 - 50 210352A6BE66A' is selected.
18:44:37 INFO  : 'jtag frequency' command is executed.
18:44:37 INFO  : Context for processor 'microblaze_0' is selected.
18:44:38 INFO  : Processor reset is completed for 'microblaze_0'.
18:44:38 INFO  : Context for processor 'microblaze_0' is selected.
18:44:38 INFO  : The application 'C:/Users/Thomas/Documents/GitHub/Hello_World3/Hello_World3.sdk/Hello_WaveGen/Debug/Hello_WaveGen.elf' is downloaded to processor 'microblaze_0'.
18:44:38 INFO  : ----------------XSDB Script----------------
connect -url tcp:127.0.0.1:3121
targets -set -nocase -filter {name =~ "microblaze*#0" && bscan=="USER2"  && jtag_cable_name =~ "Digilent Arty S7 - 50 210352A6BE66A"} -index 0
rst -processor
targets -set -nocase -filter {name =~ "microblaze*#0" && bscan=="USER2"  && jtag_cable_name =~ "Digilent Arty S7 - 50 210352A6BE66A"} -index 0
dow C:/Users/Thomas/Documents/GitHub/Hello_World3/Hello_World3.sdk/Hello_WaveGen/Debug/Hello_WaveGen.elf
----------------End of Script----------------

18:44:38 INFO  : Memory regions updated for context MicroBlaze #0
18:44:38 INFO  : Memory regions updated for context MicroBlaze Debug Module at USER2
18:44:39 INFO  : Context for processor 'microblaze_0' is selected.
18:44:39 INFO  : 'con' command is executed.
18:44:39 INFO  : ----------------XSDB Script (After Launch)----------------
targets -set -nocase -filter {name =~ "microblaze*#0" && bscan=="USER2"  && jtag_cable_name =~ "Digilent Arty S7 - 50 210352A6BE66A"} -index 0
con
----------------End of Script----------------

18:44:39 INFO  : Launch script is exported to file 'C:\Users\Thomas\Documents\GitHub\Hello_World3\Hello_World3.sdk\.sdk\launch_scripts\xilinx_c-c++_application_(system_debugger)\system_debugger_using_debug_hello_wavegen.elf_on_local.tcl'
18:45:25 INFO  : Disconnected from the channel tcfchan#1.
18:47:49 INFO  : Connected to target on host '127.0.0.1' and port '3121'.
18:49:20 INFO  : Connected to target on host '127.0.0.1' and port '3121'.
18:49:21 INFO  : 'targets -set -filter {jtag_cable_name =~ "Digilent Arty S7 - 50 210352A6BE66A" && level==0} -index 0' command is executed.
18:49:22 INFO  : FPGA configured successfully with bitstream "C:/Users/Thomas/Documents/GitHub/Hello_World3/Hello_World3.sdk/design_1_wrapper_hw_platform_0/download.bit"
18:51:43 WARN  : Given XMD transaction timeout value is invalid. Using default value of 60000 milli seconds
18:51:50 WARN  : Given XMD transaction timeout value is invalid. Using default value of 60000 milli seconds
18:51:50 ERROR : Unexpected error while launching program.
java.lang.IllegalArgumentException: Path for project must have only one segment.
	at org.eclipse.core.runtime.Assert.isLegal(Assert.java:63)
	at org.eclipse.core.internal.resources.WorkspaceRoot.getProject(WorkspaceRoot.java:147)
	at org.eclipse.cdt.debug.core.CDebugUtils.verifyCProject(CDebugUtils.java:618)
	at org.eclipse.cdt.debug.core.CDebugUtils.verifyProgramPath(CDebugUtils.java:655)
	at org.eclipse.cdt.debug.core.CDebugUtils.verifyProgramPath(CDebugUtils.java:707)
	at com.xilinx.sdk.debug.core.XilinxAppLaunchConfigurationDelegate.runApplication(XilinxAppLaunchConfigurationDelegate.java:578)
	at com.xilinx.sdk.debug.core.XilinxAppLaunchConfigurationDelegate.launch(XilinxAppLaunchConfigurationDelegate.java:309)
	at com.xilinx.sdk.debug.ui.XilinxAppLaunchDelegateWrapper.launch(XilinxAppLaunchDelegateWrapper.java:31)
	at org.eclipse.debug.internal.core.LaunchConfiguration.launch(LaunchConfiguration.java:885)
	at org.eclipse.debug.internal.core.LaunchConfiguration.launch(LaunchConfiguration.java:739)
	at org.eclipse.debug.internal.ui.DebugUIPlugin.buildAndLaunch(DebugUIPlugin.java:1039)
	at org.eclipse.debug.internal.ui.DebugUIPlugin$8.run(DebugUIPlugin.java:1256)
	at org.eclipse.core.internal.jobs.Worker.run(Worker.java:55)
18:53:01 WARN  : Given XMD transaction timeout value is invalid. Using default value of 60000 milli seconds
18:53:01 ERROR : Unexpected error while launching program.
java.lang.IllegalArgumentException: Path for project must have only one segment.
	at org.eclipse.core.runtime.Assert.isLegal(Assert.java:63)
	at org.eclipse.core.internal.resources.WorkspaceRoot.getProject(WorkspaceRoot.java:147)
	at org.eclipse.cdt.debug.core.CDebugUtils.verifyCProject(CDebugUtils.java:618)
	at org.eclipse.cdt.debug.core.CDebugUtils.verifyProgramPath(CDebugUtils.java:655)
	at org.eclipse.cdt.debug.core.CDebugUtils.verifyProgramPath(CDebugUtils.java:707)
	at com.xilinx.sdk.debug.core.XilinxAppLaunchConfigurationDelegate.runApplication(XilinxAppLaunchConfigurationDelegate.java:578)
	at com.xilinx.sdk.debug.core.XilinxAppLaunchConfigurationDelegate.launch(XilinxAppLaunchConfigurationDelegate.java:309)
	at com.xilinx.sdk.debug.ui.XilinxAppLaunchDelegateWrapper.launch(XilinxAppLaunchDelegateWrapper.java:31)
	at org.eclipse.debug.internal.core.LaunchConfiguration.launch(LaunchConfiguration.java:885)
	at org.eclipse.debug.internal.core.LaunchConfiguration.launch(LaunchConfiguration.java:739)
	at org.eclipse.debug.internal.ui.DebugUIPlugin.buildAndLaunch(DebugUIPlugin.java:1039)
	at org.eclipse.debug.internal.ui.DebugUIPlugin$8.run(DebugUIPlugin.java:1256)
	at org.eclipse.core.internal.jobs.Worker.run(Worker.java:55)
18:55:22 WARN  : Given XMD transaction timeout value is invalid. Using default value of 60000 milli seconds
18:55:22 WARN  : Given XMD transaction timeout value is invalid. Using default value of 60000 milli seconds
18:55:22 WARN  : Given XMD transaction timeout value is invalid. Using default value of 60000 milli seconds
18:55:22 WARN  : Given XMD transaction timeout value is invalid. Using default value of 60000 milli seconds
18:55:22 WARN  : Given XMD transaction timeout value is invalid. Using default value of 60000 milli seconds
18:55:22 INFO  : Processor reset is completed for microblaze_0
18:55:22 WARN  : Given XMD transaction timeout value is invalid. Using default value of 60000 milli seconds
18:55:23 WARN  : Given XMD transaction timeout value is invalid. Using default value of 60000 milli seconds
18:55:23 WARN  : Given XMD transaction timeout value is invalid. Using default value of 60000 milli seconds
18:55:23 WARN  : Given XMD transaction timeout value is invalid. Using default value of 60000 milli seconds
18:55:23 WARN  : Given XMD transaction timeout value is invalid. Using default value of 60000 milli seconds
18:55:23 WARN  : Given XMD transaction timeout value is invalid. Using default value of 60000 milli seconds
18:55:24 WARN  : Given XMD transaction timeout value is invalid. Using default value of 60000 milli seconds
18:55:24 WARN  : Given XMD transaction timeout value is invalid. Using default value of 60000 milli seconds
18:57:16 WARN  : Given XMD transaction timeout value is invalid. Using default value of 60000 milli seconds
18:57:16 WARN  : Given XMD transaction timeout value is invalid. Using default value of 60000 milli seconds
18:57:16 WARN  : Given XMD transaction timeout value is invalid. Using default value of 60000 milli seconds
18:57:16 WARN  : Given XMD transaction timeout value is invalid. Using default value of 60000 milli seconds
18:57:16 WARN  : Given XMD transaction timeout value is invalid. Using default value of 60000 milli seconds
18:57:16 INFO  : Processor reset is completed for microblaze_0
18:57:16 WARN  : Given XMD transaction timeout value is invalid. Using default value of 60000 milli seconds
18:57:16 WARN  : Given XMD transaction timeout value is invalid. Using default value of 60000 milli seconds
18:57:17 WARN  : Given XMD transaction timeout value is invalid. Using default value of 60000 milli seconds
18:57:17 WARN  : Given XMD transaction timeout value is invalid. Using default value of 60000 milli seconds
18:57:17 WARN  : Given XMD transaction timeout value is invalid. Using default value of 60000 milli seconds
18:57:17 WARN  : Given XMD transaction timeout value is invalid. Using default value of 60000 milli seconds
18:57:17 WARN  : Given XMD transaction timeout value is invalid. Using default value of 60000 milli seconds
18:57:18 WARN  : Given XMD transaction timeout value is invalid. Using default value of 60000 milli seconds
18:57:18 WARN  : Given XMD transaction timeout value is invalid. Using default value of 60000 milli seconds
18:57:18 WARN  : Given XMD transaction timeout value is invalid. Using default value of 60000 milli seconds
19:00:52 WARN  : Given XMD transaction timeout value is invalid. Using default value of 60000 milli seconds
19:00:52 WARN  : Given XMD transaction timeout value is invalid. Using default value of 60000 milli seconds
19:00:52 WARN  : Given XMD transaction timeout value is invalid. Using default value of 60000 milli seconds
19:00:52 WARN  : Given XMD transaction timeout value is invalid. Using default value of 60000 milli seconds
19:00:52 WARN  : Given XMD transaction timeout value is invalid. Using default value of 60000 milli seconds
19:00:52 INFO  : Processor reset is completed for microblaze_0
19:00:52 WARN  : Given XMD transaction timeout value is invalid. Using default value of 60000 milli seconds
19:00:53 WARN  : Given XMD transaction timeout value is invalid. Using default value of 60000 milli seconds
19:00:53 WARN  : Given XMD transaction timeout value is invalid. Using default value of 60000 milli seconds
19:00:53 WARN  : Given XMD transaction timeout value is invalid. Using default value of 60000 milli seconds
19:00:53 WARN  : Given XMD transaction timeout value is invalid. Using default value of 60000 milli seconds
19:00:53 WARN  : Given XMD transaction timeout value is invalid. Using default value of 60000 milli seconds
19:00:54 WARN  : Given XMD transaction timeout value is invalid. Using default value of 60000 milli seconds
19:00:54 WARN  : Given XMD transaction timeout value is invalid. Using default value of 60000 milli seconds
19:00:55 WARN  : Given XMD transaction timeout value is invalid. Using default value of 60000 milli seconds
19:00:55 WARN  : Given XMD transaction timeout value is invalid. Using default value of 60000 milli seconds
19:21:55 WARN  : Given XMD transaction timeout value is invalid. Using default value of 60000 milli seconds
19:21:55 WARN  : Given XMD transaction timeout value is invalid. Using default value of 60000 milli seconds
19:21:56 WARN  : Given XMD transaction timeout value is invalid. Using default value of 60000 milli seconds
19:21:56 WARN  : Given XMD transaction timeout value is invalid. Using default value of 60000 milli seconds
19:21:56 WARN  : Given XMD transaction timeout value is invalid. Using default value of 60000 milli seconds
19:21:56 INFO  : Processor reset is completed for microblaze_0
19:21:56 WARN  : Given XMD transaction timeout value is invalid. Using default value of 60000 milli seconds
19:21:56 WARN  : Given XMD transaction timeout value is invalid. Using default value of 60000 milli seconds
19:21:57 WARN  : Given XMD transaction timeout value is invalid. Using default value of 60000 milli seconds
19:21:57 WARN  : Given XMD transaction timeout value is invalid. Using default value of 60000 milli seconds
19:21:57 WARN  : Given XMD transaction timeout value is invalid. Using default value of 60000 milli seconds
19:21:57 WARN  : Given XMD transaction timeout value is invalid. Using default value of 60000 milli seconds
19:21:57 WARN  : Given XMD transaction timeout value is invalid. Using default value of 60000 milli seconds
19:21:57 WARN  : Given XMD transaction timeout value is invalid. Using default value of 60000 milli seconds
19:21:57 WARN  : Given XMD transaction timeout value is invalid. Using default value of 60000 milli seconds
19:21:57 WARN  : Given XMD transaction timeout value is invalid. Using default value of 60000 milli seconds
19:22:47 WARN  : Given XMD transaction timeout value is invalid. Using default value of 60000 milli seconds
19:22:47 WARN  : Given XMD transaction timeout value is invalid. Using default value of 60000 milli seconds
19:22:47 WARN  : Given XMD transaction timeout value is invalid. Using default value of 60000 milli seconds
19:22:47 WARN  : Given XMD transaction timeout value is invalid. Using default value of 60000 milli seconds
19:22:47 WARN  : Given XMD transaction timeout value is invalid. Using default value of 60000 milli seconds
19:22:47 INFO  : Processor reset is completed for microblaze_0
19:22:47 WARN  : Given XMD transaction timeout value is invalid. Using default value of 60000 milli seconds
19:22:48 WARN  : Given XMD transaction timeout value is invalid. Using default value of 60000 milli seconds
19:22:48 WARN  : Given XMD transaction timeout value is invalid. Using default value of 60000 milli seconds
19:22:48 WARN  : Given XMD transaction timeout value is invalid. Using default value of 60000 milli seconds
19:22:48 WARN  : Given XMD transaction timeout value is invalid. Using default value of 60000 milli seconds
19:22:48 WARN  : Given XMD transaction timeout value is invalid. Using default value of 60000 milli seconds
19:22:48 WARN  : Given XMD transaction timeout value is invalid. Using default value of 60000 milli seconds
19:22:49 WARN  : Given XMD transaction timeout value is invalid. Using default value of 60000 milli seconds
19:22:49 WARN  : Given XMD transaction timeout value is invalid. Using default value of 60000 milli seconds
19:22:49 WARN  : Given XMD transaction timeout value is invalid. Using default value of 60000 milli seconds
19:32:53 WARN  : Given XMD transaction timeout value is invalid. Using default value of 60000 milli seconds
19:32:53 WARN  : Given XMD transaction timeout value is invalid. Using default value of 60000 milli seconds
19:32:53 WARN  : Given XMD transaction timeout value is invalid. Using default value of 60000 milli seconds
19:32:53 WARN  : Given XMD transaction timeout value is invalid. Using default value of 60000 milli seconds
19:32:53 WARN  : Given XMD transaction timeout value is invalid. Using default value of 60000 milli seconds
19:32:53 INFO  : Processor reset is completed for microblaze_0
19:32:53 ERROR : Port COM4 is already in use.
19:32:53 WARN  : Given XMD transaction timeout value is invalid. Using default value of 60000 milli seconds
19:32:54 WARN  : Given XMD transaction timeout value is invalid. Using default value of 60000 milli seconds
19:32:54 WARN  : Given XMD transaction timeout value is invalid. Using default value of 60000 milli seconds
19:32:54 WARN  : Given XMD transaction timeout value is invalid. Using default value of 60000 milli seconds
19:32:54 WARN  : Given XMD transaction timeout value is invalid. Using default value of 60000 milli seconds
19:32:54 WARN  : Given XMD transaction timeout value is invalid. Using default value of 60000 milli seconds
19:32:54 WARN  : Given XMD transaction timeout value is invalid. Using default value of 60000 milli seconds
19:32:54 WARN  : Given XMD transaction timeout value is invalid. Using default value of 60000 milli seconds
19:33:47 WARN  : Given XMD transaction timeout value is invalid. Using default value of 60000 milli seconds
19:33:47 WARN  : Given XMD transaction timeout value is invalid. Using default value of 60000 milli seconds
19:33:47 WARN  : Given XMD transaction timeout value is invalid. Using default value of 60000 milli seconds
19:33:47 WARN  : Given XMD transaction timeout value is invalid. Using default value of 60000 milli seconds
19:33:47 WARN  : Given XMD transaction timeout value is invalid. Using default value of 60000 milli seconds
19:33:47 INFO  : Processor reset is completed for microblaze_0
19:33:47 ERROR : Port COM5 is already in use.
19:33:47 WARN  : Given XMD transaction timeout value is invalid. Using default value of 60000 milli seconds
19:33:48 WARN  : Given XMD transaction timeout value is invalid. Using default value of 60000 milli seconds
19:33:48 WARN  : Given XMD transaction timeout value is invalid. Using default value of 60000 milli seconds
19:33:48 WARN  : Given XMD transaction timeout value is invalid. Using default value of 60000 milli seconds
19:33:48 WARN  : Given XMD transaction timeout value is invalid. Using default value of 60000 milli seconds
19:33:48 WARN  : Given XMD transaction timeout value is invalid. Using default value of 60000 milli seconds
19:33:48 WARN  : Given XMD transaction timeout value is invalid. Using default value of 60000 milli seconds
19:33:48 WARN  : Given XMD transaction timeout value is invalid. Using default value of 60000 milli seconds
19:34:58 WARN  : Given XMD transaction timeout value is invalid. Using default value of 60000 milli seconds
19:34:58 WARN  : Given XMD transaction timeout value is invalid. Using default value of 60000 milli seconds
19:34:59 WARN  : Given XMD transaction timeout value is invalid. Using default value of 60000 milli seconds
19:34:59 WARN  : Given XMD transaction timeout value is invalid. Using default value of 60000 milli seconds
19:34:59 WARN  : Given XMD transaction timeout value is invalid. Using default value of 60000 milli seconds
19:34:59 INFO  : Processor reset is completed for microblaze_0
19:34:59 ERROR : Port COM4 is already in use.
19:34:59 WARN  : Given XMD transaction timeout value is invalid. Using default value of 60000 milli seconds
19:34:59 WARN  : Given XMD transaction timeout value is invalid. Using default value of 60000 milli seconds
19:34:59 WARN  : Given XMD transaction timeout value is invalid. Using default value of 60000 milli seconds
19:35:00 WARN  : Given XMD transaction timeout value is invalid. Using default value of 60000 milli seconds
19:35:00 WARN  : Given XMD transaction timeout value is invalid. Using default value of 60000 milli seconds
19:35:00 WARN  : Given XMD transaction timeout value is invalid. Using default value of 60000 milli seconds
19:35:01 WARN  : Given XMD transaction timeout value is invalid. Using default value of 60000 milli seconds
19:35:01 WARN  : Given XMD transaction timeout value is invalid. Using default value of 60000 milli seconds
19:37:49 ERROR : Unexpected error while parsing XMD response ?: com.google.gson.JsonSyntaxException: com.google.gson.stream.MalformedJsonException: invalid number or unquoted string near 
19:38:18 INFO  : Registering command handlers for SDK TCF services
19:38:20 INFO  : Launching XSCT server: xsct.bat -interactive C:\Users\Thomas\Documents\GitHub\Hello_World3\Hello_World3.sdk\temp_xsdb_launch_script.tcl
19:38:41 INFO  : XSCT server has started successfully.
19:38:44 INFO  : Successfully done setting XSCT server connection channel  
19:38:44 INFO  : Successfully done setting SDK workspace  
19:38:44 INFO  : Processing command line option -hwspec C:/Users/Thomas/Documents/GitHub/Hello_World3/Hello_World3.sdk/design_1_wrapper.hdf.
19:38:44 INFO  : Checking for hwspec changes in the project design_1_wrapper_hw_platform_0.
19:40:43 INFO  : Connected to target on host '127.0.0.1' and port '3121'.
19:40:44 INFO  : 'targets -set -filter {jtag_cable_name =~ "Digilent Arty S7 - 50 210352A6BE66A" && level==0} -index 0' command is executed.
19:40:45 INFO  : FPGA configured successfully with bitstream "C:/Users/Thomas/Documents/GitHub/Hello_World3/Hello_World3.sdk/design_1_wrapper_hw_platform_0/download.bit"
20:38:26 INFO  : Registering command handlers for SDK TCF services
20:38:28 INFO  : Launching XSCT server: xsct.bat -interactive C:\Users\Thomas\Documents\GitHub\Hello_World3\Hello_World3.sdk\temp_xsdb_launch_script.tcl
20:38:34 INFO  : XSCT server has started successfully.
20:38:36 INFO  : Successfully done setting XSCT server connection channel  
20:38:36 INFO  : Successfully done setting SDK workspace  
20:38:36 INFO  : Processing command line option -hwspec C:/Users/Thomas/Documents/GitHub/Hello_World3/Hello_World3.sdk/design_1_wrapper.hdf.
20:38:36 INFO  : Checking for hwspec changes in the project design_1_wrapper_hw_platform_0.
20:38:40 INFO  : SDK has detected change in the last modified timestamps for source hardware specification file Source:1510104283651,  Project:1510015868839
20:38:40 INFO  : The hardware specification for project 'design_1_wrapper_hw_platform_0' is different from C:/Users/Thomas/Documents/GitHub/Hello_World3/Hello_World3.sdk/design_1_wrapper.hdf.
20:38:40 INFO  : Copied contents of C:/Users/Thomas/Documents/GitHub/Hello_World3/Hello_World3.sdk/design_1_wrapper.hdf into \design_1_wrapper_hw_platform_0\system.hdf.
20:38:41 INFO  : Synchronizing projects in the workspace with the hardware platform specification changes.
20:38:53 INFO  : 
20:38:55 INFO  : Updating hardware inferred compiler options for Hello_WaveGen.
20:38:57 INFO  : Updating hardware inferred compiler options for Hello_World.
20:38:57 INFO  : Clearing existing target manager status.
20:38:57 WARN  : Given IPC port value is invalid. Using default port 2350
20:38:57 WARN  : Given XMD timeout value is invalid. Using default value of 50000
20:39:05 WARN  : Given XMD transaction timeout value is invalid. Using default value of 60000 milli seconds
20:39:05 INFO  : Workspace synchronized with the new hardware specification file. Cleaning dependent projects...
20:39:13 WARN  : Linker script will not be updated automatically. Users need to update it manually.
20:53:12 INFO  : Connected to target on host '127.0.0.1' and port '3121'.
20:53:12 INFO  : 'targets -set -filter {jtag_cable_name =~ "Digilent Arty S7 - 50 210352A6BE66A" && level==0} -index 0' command is executed.
20:53:14 INFO  : FPGA configured successfully with bitstream "C:/Users/Thomas/Documents/GitHub/Hello_World3/Hello_World3.sdk/design_1_wrapper_hw_platform_0/download.bit"
20:54:12 WARN  : Given XMD transaction timeout value is invalid. Using default value of 60000 milli seconds
20:54:19 WARN  : Given XMD transaction timeout value is invalid. Using default value of 60000 milli seconds
20:54:19 WARN  : Given XMD transaction timeout value is invalid. Using default value of 60000 milli seconds
20:54:19 WARN  : Given XMD transaction timeout value is invalid. Using default value of 60000 milli seconds
20:54:19 WARN  : Given XMD transaction timeout value is invalid. Using default value of 60000 milli seconds
20:54:19 WARN  : Given XMD transaction timeout value is invalid. Using default value of 60000 milli seconds
20:54:19 INFO  : Processor reset is completed for microblaze_0
20:54:20 ERROR : Port COM4 is already in use.
20:54:20 WARN  : Given XMD transaction timeout value is invalid. Using default value of 60000 milli seconds
20:54:20 ERROR : Unexpected error while launching program.
java.lang.RuntimeException: Cannot perform the Debug Command, Current Processor State is "Running"

	at com.xilinx.sdk.targetmanager.internal.TM.downloadELF(TM.java:680)
	at com.xilinx.sdk.debug.core.internal.AppRunner.run(AppRunner.java:129)
	at com.xilinx.sdk.debug.core.XilinxAppLaunchConfigurationDelegate.runApplication(XilinxAppLaunchConfigurationDelegate.java:637)
	at com.xilinx.sdk.debug.core.XilinxAppLaunchConfigurationDelegate.launch(XilinxAppLaunchConfigurationDelegate.java:309)
	at com.xilinx.sdk.debug.ui.XilinxAppLaunchDelegateWrapper.launch(XilinxAppLaunchDelegateWrapper.java:31)
	at org.eclipse.debug.internal.core.LaunchConfiguration.launch(LaunchConfiguration.java:885)
	at org.eclipse.debug.internal.core.LaunchConfiguration.launch(LaunchConfiguration.java:739)
	at org.eclipse.debug.internal.ui.DebugUIPlugin.buildAndLaunch(DebugUIPlugin.java:1039)
	at org.eclipse.debug.internal.ui.DebugUIPlugin$8.run(DebugUIPlugin.java:1256)
	at org.eclipse.core.internal.jobs.Worker.run(Worker.java:55)
20:54:20 WARN  : Given XMD transaction timeout value is invalid. Using default value of 60000 milli seconds
20:54:20 WARN  : Given XMD transaction timeout value is invalid. Using default value of 60000 milli seconds
20:54:20 WARN  : Given XMD transaction timeout value is invalid. Using default value of 60000 milli seconds
21:07:22 ERROR : Unexpected error while parsing XMD response ?: com.google.gson.JsonSyntaxException: com.google.gson.stream.MalformedJsonException: invalid number or unquoted string near 
22:20:57 INFO  : Registering command handlers for SDK TCF services
22:20:59 INFO  : Launching XSCT server: xsct.bat -interactive C:\Users\Thomas\Documents\GitHub\Hello_World3\Hello_World3.sdk\temp_xsdb_launch_script.tcl
22:21:08 INFO  : XSCT server has started successfully.
22:21:11 INFO  : Successfully done setting XSCT server connection channel  
22:21:11 INFO  : Processing command line option -hwspec C:/Users/Thomas/Documents/GitHub/Hello_World3/Hello_World3.sdk/design_1_wrapper.hdf.
22:21:12 INFO  : Checking for hwspec changes in the project design_1_wrapper_hw_platform_0.
22:21:18 INFO  : Successfully done setting SDK workspace  
22:50:01 WARN  : Given IPC port value is invalid. Using default port 2350
22:50:01 WARN  : Given XMD timeout value is invalid. Using default value of 50000
22:50:09 WARN  : Given XMD transaction timeout value is invalid. Using default value of 60000 milli seconds
22:50:10 WARN  : Given XMD transaction timeout value is invalid. Using default value of 60000 milli seconds
22:50:15 WARN  : Given XMD transaction timeout value is invalid. Using default value of 60000 milli seconds
22:50:22 ERROR : Checking FPGA configuration failed..Connection to Board Failed


    Unknown Error Occured
    Cable is not connected to the host

22:50:22 ERROR : Unexpected error while launching program.
com.xilinx.sdk.targetmanager.TMException: Connection to Board Failed


    Unknown Error Occured
    Cable is not connected to the host

	at com.xilinx.sdk.targetmanager.internal.TM.isFPGAConfigured(TM.java:368)
	at com.xilinx.sdk.debug.core.XilinxAppLaunchConfigurationDelegate.isFpgaConfigured(XilinxAppLaunchConfigurationDelegate.java:409)
	at com.xilinx.sdk.debug.core.XilinxAppLaunchConfigurationDelegate.launch(XilinxAppLaunchConfigurationDelegate.java:303)
	at com.xilinx.sdk.debug.ui.XilinxAppLaunchDelegateWrapper.launch(XilinxAppLaunchDelegateWrapper.java:31)
	at org.eclipse.debug.internal.core.LaunchConfiguration.launch(LaunchConfiguration.java:885)
	at org.eclipse.debug.internal.core.LaunchConfiguration.launch(LaunchConfiguration.java:739)
	at org.eclipse.debug.internal.ui.DebugUIPlugin.buildAndLaunch(DebugUIPlugin.java:1039)
	at org.eclipse.debug.internal.ui.DebugUIPlugin$8.run(DebugUIPlugin.java:1256)
	at org.eclipse.core.internal.jobs.Worker.run(Worker.java:55)
23:01:16 ERROR : Unexpected error while parsing XMD response ?: com.google.gson.JsonSyntaxException: com.google.gson.stream.MalformedJsonException: invalid number or unquoted string near 
19:46:59 INFO  : Registering command handlers for SDK TCF services
19:47:02 INFO  : Launching XSCT server: xsct.bat -interactive C:\Users\Thomas\Documents\GitHub\Hello_World3\Hello_World3.sdk\temp_xsdb_launch_script.tcl
19:47:13 INFO  : XSCT server has started successfully.
19:47:13 INFO  : Successfully done setting XSCT server connection channel  
19:47:17 INFO  : Successfully done setting SDK workspace  
19:47:17 INFO  : Processing command line option -hwspec C:/Users/Thomas/Documents/GitHub/Hello_World3/Hello_World3.sdk/design_1_wrapper.hdf.
19:47:18 INFO  : Checking for hwspec changes in the project design_1_wrapper_hw_platform_0.
19:48:51 INFO  : Registering command handlers for SDK TCF services
19:48:54 INFO  : Launching XSCT server: xsct.bat -interactive C:\Users\Thomas\Documents\GitHub\Hello_World3\Hello_World3.sdk\temp_xsdb_launch_script.tcl
19:49:06 INFO  : XSCT server has started successfully.
19:49:09 INFO  : Successfully done setting XSCT server connection channel  
19:49:09 INFO  : Successfully done setting SDK workspace  
19:49:09 INFO  : Processing command line option -hwspec C:/Users/Thomas/Documents/GitHub/Hello_World3/Hello_World3.sdk/design_1_wrapper.hdf.
19:49:10 INFO  : Checking for hwspec changes in the project design_1_wrapper_hw_platform_0.
19:58:38 INFO  : Connected to target on host '127.0.0.1' and port '3121'.
19:58:39 INFO  : 'targets -set -filter {jtag_cable_name =~ "Digilent Arty S7 - 50 210352A6BE66A" && level==0} -index 0' command is executed.
19:58:41 INFO  : FPGA configured successfully with bitstream "C:/Users/Thomas/Documents/GitHub/Hello_World3/Hello_World3.sdk/design_1_wrapper_hw_platform_0/download.bit"
19:59:27 WARN  : Given IPC port value is invalid. Using default port 2350
19:59:27 WARN  : Given XMD timeout value is invalid. Using default value of 50000
19:59:36 WARN  : Given XMD transaction timeout value is invalid. Using default value of 60000 milli seconds
19:59:36 WARN  : Given XMD transaction timeout value is invalid. Using default value of 60000 milli seconds
19:59:43 WARN  : Given XMD transaction timeout value is invalid. Using default value of 60000 milli seconds
19:59:43 WARN  : Given XMD transaction timeout value is invalid. Using default value of 60000 milli seconds
19:59:43 WARN  : Given XMD transaction timeout value is invalid. Using default value of 60000 milli seconds
19:59:43 WARN  : Given XMD transaction timeout value is invalid. Using default value of 60000 milli seconds
19:59:43 WARN  : Given XMD transaction timeout value is invalid. Using default value of 60000 milli seconds
19:59:43 INFO  : Processor reset is completed for microblaze_0
19:59:44 WARN  : Given XMD transaction timeout value is invalid. Using default value of 60000 milli seconds
19:59:44 WARN  : Given XMD transaction timeout value is invalid. Using default value of 60000 milli seconds
19:59:44 WARN  : Given XMD transaction timeout value is invalid. Using default value of 60000 milli seconds
19:59:44 WARN  : Given XMD transaction timeout value is invalid. Using default value of 60000 milli seconds
19:59:45 WARN  : Given XMD transaction timeout value is invalid. Using default value of 60000 milli seconds
19:59:45 WARN  : Given XMD transaction timeout value is invalid. Using default value of 60000 milli seconds
19:59:45 WARN  : Given XMD transaction timeout value is invalid. Using default value of 60000 milli seconds
19:59:45 WARN  : Given XMD transaction timeout value is invalid. Using default value of 60000 milli seconds
20:01:13 WARN  : Given XMD transaction timeout value is invalid. Using default value of 60000 milli seconds
20:01:13 WARN  : Given XMD transaction timeout value is invalid. Using default value of 60000 milli seconds
20:01:13 WARN  : Given XMD transaction timeout value is invalid. Using default value of 60000 milli seconds
20:01:13 WARN  : Given XMD transaction timeout value is invalid. Using default value of 60000 milli seconds
20:01:13 WARN  : Given XMD transaction timeout value is invalid. Using default value of 60000 milli seconds
20:01:13 INFO  : Processor reset is completed for microblaze_0
20:01:13 WARN  : Given XMD transaction timeout value is invalid. Using default value of 60000 milli seconds
20:01:14 WARN  : Given XMD transaction timeout value is invalid. Using default value of 60000 milli seconds
20:01:14 WARN  : Given XMD transaction timeout value is invalid. Using default value of 60000 milli seconds
20:01:14 WARN  : Given XMD transaction timeout value is invalid. Using default value of 60000 milli seconds
20:01:14 WARN  : Given XMD transaction timeout value is invalid. Using default value of 60000 milli seconds
20:01:14 WARN  : Given XMD transaction timeout value is invalid. Using default value of 60000 milli seconds
20:01:15 WARN  : Given XMD transaction timeout value is invalid. Using default value of 60000 milli seconds
20:01:15 WARN  : Given XMD transaction timeout value is invalid. Using default value of 60000 milli seconds
20:04:07 WARN  : Given XMD transaction timeout value is invalid. Using default value of 60000 milli seconds
20:04:08 WARN  : Given XMD transaction timeout value is invalid. Using default value of 60000 milli seconds
20:04:08 WARN  : Given XMD transaction timeout value is invalid. Using default value of 60000 milli seconds
20:04:08 WARN  : Given XMD transaction timeout value is invalid. Using default value of 60000 milli seconds
20:04:08 WARN  : Given XMD transaction timeout value is invalid. Using default value of 60000 milli seconds
20:04:08 INFO  : Processor reset is completed for microblaze_0
20:04:08 WARN  : Given XMD transaction timeout value is invalid. Using default value of 60000 milli seconds
20:04:09 WARN  : Given XMD transaction timeout value is invalid. Using default value of 60000 milli seconds
20:04:09 WARN  : Given XMD transaction timeout value is invalid. Using default value of 60000 milli seconds
20:04:09 WARN  : Given XMD transaction timeout value is invalid. Using default value of 60000 milli seconds
20:04:09 WARN  : Given XMD transaction timeout value is invalid. Using default value of 60000 milli seconds
20:04:09 WARN  : Given XMD transaction timeout value is invalid. Using default value of 60000 milli seconds
20:04:10 WARN  : Given XMD transaction timeout value is invalid. Using default value of 60000 milli seconds
20:04:10 WARN  : Given XMD transaction timeout value is invalid. Using default value of 60000 milli seconds
20:05:19 WARN  : Given XMD transaction timeout value is invalid. Using default value of 60000 milli seconds
20:05:19 WARN  : Given XMD transaction timeout value is invalid. Using default value of 60000 milli seconds
20:05:19 WARN  : Given XMD transaction timeout value is invalid. Using default value of 60000 milli seconds
20:05:19 WARN  : Given XMD transaction timeout value is invalid. Using default value of 60000 milli seconds
20:05:19 WARN  : Given XMD transaction timeout value is invalid. Using default value of 60000 milli seconds
20:05:19 INFO  : Processor reset is completed for microblaze_0
20:05:19 ERROR : Port COM4 is already in use.
20:05:19 WARN  : Given XMD transaction timeout value is invalid. Using default value of 60000 milli seconds
20:05:20 WARN  : Given XMD transaction timeout value is invalid. Using default value of 60000 milli seconds
20:05:20 WARN  : Given XMD transaction timeout value is invalid. Using default value of 60000 milli seconds
20:05:20 WARN  : Given XMD transaction timeout value is invalid. Using default value of 60000 milli seconds
20:05:20 WARN  : Given XMD transaction timeout value is invalid. Using default value of 60000 milli seconds
20:05:20 WARN  : Given XMD transaction timeout value is invalid. Using default value of 60000 milli seconds
20:05:21 WARN  : Given XMD transaction timeout value is invalid. Using default value of 60000 milli seconds
20:05:21 WARN  : Given XMD transaction timeout value is invalid. Using default value of 60000 milli seconds
20:06:44 WARN  : Given XMD transaction timeout value is invalid. Using default value of 60000 milli seconds
20:06:44 WARN  : Given XMD transaction timeout value is invalid. Using default value of 60000 milli seconds
20:06:44 WARN  : Given XMD transaction timeout value is invalid. Using default value of 60000 milli seconds
20:06:45 WARN  : Given XMD transaction timeout value is invalid. Using default value of 60000 milli seconds
20:06:45 WARN  : Given XMD transaction timeout value is invalid. Using default value of 60000 milli seconds
20:06:45 INFO  : Processor reset is completed for microblaze_0
20:06:45 WARN  : Given XMD transaction timeout value is invalid. Using default value of 60000 milli seconds
20:06:45 WARN  : Given XMD transaction timeout value is invalid. Using default value of 60000 milli seconds
20:06:45 WARN  : Given XMD transaction timeout value is invalid. Using default value of 60000 milli seconds
20:06:45 WARN  : Given XMD transaction timeout value is invalid. Using default value of 60000 milli seconds
20:06:46 WARN  : Given XMD transaction timeout value is invalid. Using default value of 60000 milli seconds
20:06:46 WARN  : Given XMD transaction timeout value is invalid. Using default value of 60000 milli seconds
20:06:46 WARN  : Given XMD transaction timeout value is invalid. Using default value of 60000 milli seconds
20:06:47 WARN  : Given XMD transaction timeout value is invalid. Using default value of 60000 milli seconds
20:06:47 WARN  : Given XMD transaction timeout value is invalid. Using default value of 60000 milli seconds
20:06:47 WARN  : Given XMD transaction timeout value is invalid. Using default value of 60000 milli seconds
20:12:28 WARN  : Given XMD transaction timeout value is invalid. Using default value of 60000 milli seconds
20:12:28 WARN  : Given XMD transaction timeout value is invalid. Using default value of 60000 milli seconds
20:12:28 WARN  : Given XMD transaction timeout value is invalid. Using default value of 60000 milli seconds
20:12:28 WARN  : Given XMD transaction timeout value is invalid. Using default value of 60000 milli seconds
20:12:28 WARN  : Given XMD transaction timeout value is invalid. Using default value of 60000 milli seconds
20:12:28 INFO  : Processor reset is completed for microblaze_0
20:12:28 WARN  : Given XMD transaction timeout value is invalid. Using default value of 60000 milli seconds
20:12:29 WARN  : Given XMD transaction timeout value is invalid. Using default value of 60000 milli seconds
20:12:29 WARN  : Given XMD transaction timeout value is invalid. Using default value of 60000 milli seconds
20:12:29 WARN  : Given XMD transaction timeout value is invalid. Using default value of 60000 milli seconds
20:12:29 WARN  : Given XMD transaction timeout value is invalid. Using default value of 60000 milli seconds
20:12:29 WARN  : Given XMD transaction timeout value is invalid. Using default value of 60000 milli seconds
20:12:30 WARN  : Given XMD transaction timeout value is invalid. Using default value of 60000 milli seconds
20:12:30 WARN  : Given XMD transaction timeout value is invalid. Using default value of 60000 milli seconds
20:16:25 WARN  : Given XMD transaction timeout value is invalid. Using default value of 60000 milli seconds
20:16:25 WARN  : Given XMD transaction timeout value is invalid. Using default value of 60000 milli seconds
20:16:26 WARN  : Given XMD transaction timeout value is invalid. Using default value of 60000 milli seconds
20:16:26 WARN  : Given XMD transaction timeout value is invalid. Using default value of 60000 milli seconds
20:16:26 WARN  : Given XMD transaction timeout value is invalid. Using default value of 60000 milli seconds
20:16:26 INFO  : Processor reset is completed for microblaze_0
20:16:26 WARN  : Given XMD transaction timeout value is invalid. Using default value of 60000 milli seconds
20:16:26 WARN  : Given XMD transaction timeout value is invalid. Using default value of 60000 milli seconds
20:16:26 WARN  : Given XMD transaction timeout value is invalid. Using default value of 60000 milli seconds
20:16:27 WARN  : Given XMD transaction timeout value is invalid. Using default value of 60000 milli seconds
20:16:27 WARN  : Given XMD transaction timeout value is invalid. Using default value of 60000 milli seconds
20:16:27 WARN  : Given XMD transaction timeout value is invalid. Using default value of 60000 milli seconds
20:16:27 WARN  : Given XMD transaction timeout value is invalid. Using default value of 60000 milli seconds
20:16:27 WARN  : Given XMD transaction timeout value is invalid. Using default value of 60000 milli seconds
20:21:00 WARN  : Given XMD transaction timeout value is invalid. Using default value of 60000 milli seconds
20:21:00 WARN  : Given XMD transaction timeout value is invalid. Using default value of 60000 milli seconds
20:21:00 WARN  : Given XMD transaction timeout value is invalid. Using default value of 60000 milli seconds
20:21:00 WARN  : Given XMD transaction timeout value is invalid. Using default value of 60000 milli seconds
20:21:00 WARN  : Given XMD transaction timeout value is invalid. Using default value of 60000 milli seconds
20:21:00 INFO  : Processor reset is completed for microblaze_0
20:21:00 WARN  : Given XMD transaction timeout value is invalid. Using default value of 60000 milli seconds
20:21:01 WARN  : Given XMD transaction timeout value is invalid. Using default value of 60000 milli seconds
20:21:01 WARN  : Given XMD transaction timeout value is invalid. Using default value of 60000 milli seconds
20:21:01 WARN  : Given XMD transaction timeout value is invalid. Using default value of 60000 milli seconds
20:21:01 WARN  : Given XMD transaction timeout value is invalid. Using default value of 60000 milli seconds
20:21:01 WARN  : Given XMD transaction timeout value is invalid. Using default value of 60000 milli seconds
20:21:02 WARN  : Given XMD transaction timeout value is invalid. Using default value of 60000 milli seconds
20:21:02 WARN  : Given XMD transaction timeout value is invalid. Using default value of 60000 milli seconds
20:26:51 INFO  : FPGA Cable Disconnected. All active launches will be terminated.
20:26:51 WARN  : Given XMD transaction timeout value is invalid. Using default value of 60000 milli seconds
23:27:24 INFO  : Connected to target on host '127.0.0.1' and port '3121'.
23:27:24 INFO  : 'targets -set -filter {jtag_cable_name =~ "Digilent Arty S7 - 50 210352A6BE66A" && level==0} -index 0' command is executed.
23:27:26 INFO  : FPGA configured successfully with bitstream "C:/Users/Thomas/Documents/GitHub/Hello_World3/Hello_World3.sdk/design_1_wrapper_hw_platform_0/download.bit"
23:28:07 WARN  : Given XMD transaction timeout value is invalid. Using default value of 60000 milli seconds
23:28:08 WARN  : Given XMD transaction timeout value is invalid. Using default value of 60000 milli seconds
23:28:08 WARN  : Given XMD transaction timeout value is invalid. Using default value of 60000 milli seconds
23:28:08 WARN  : Given XMD transaction timeout value is invalid. Using default value of 60000 milli seconds
23:28:08 WARN  : Given XMD transaction timeout value is invalid. Using default value of 60000 milli seconds
23:28:08 WARN  : Given XMD transaction timeout value is invalid. Using default value of 60000 milli seconds
23:28:08 INFO  : Processor reset is completed for microblaze_0
23:28:08 WARN  : Given XMD transaction timeout value is invalid. Using default value of 60000 milli seconds
23:28:09 WARN  : Given XMD transaction timeout value is invalid. Using default value of 60000 milli seconds
23:28:09 WARN  : Given XMD transaction timeout value is invalid. Using default value of 60000 milli seconds
23:28:09 WARN  : Given XMD transaction timeout value is invalid. Using default value of 60000 milli seconds
23:28:09 WARN  : Given XMD transaction timeout value is invalid. Using default value of 60000 milli seconds
23:28:09 WARN  : Given XMD transaction timeout value is invalid. Using default value of 60000 milli seconds
23:28:10 WARN  : Given XMD transaction timeout value is invalid. Using default value of 60000 milli seconds
23:28:10 WARN  : Given XMD transaction timeout value is invalid. Using default value of 60000 milli seconds
23:37:31 WARN  : Given XMD transaction timeout value is invalid. Using default value of 60000 milli seconds
23:37:32 WARN  : Given XMD transaction timeout value is invalid. Using default value of 60000 milli seconds
23:37:32 WARN  : Given XMD transaction timeout value is invalid. Using default value of 60000 milli seconds
23:37:32 WARN  : Given XMD transaction timeout value is invalid. Using default value of 60000 milli seconds
23:37:32 WARN  : Given XMD transaction timeout value is invalid. Using default value of 60000 milli seconds
23:37:32 INFO  : Processor reset is completed for microblaze_0
23:37:32 WARN  : Given XMD transaction timeout value is invalid. Using default value of 60000 milli seconds
23:37:32 WARN  : Given XMD transaction timeout value is invalid. Using default value of 60000 milli seconds
23:37:33 WARN  : Given XMD transaction timeout value is invalid. Using default value of 60000 milli seconds
23:37:33 WARN  : Given XMD transaction timeout value is invalid. Using default value of 60000 milli seconds
23:37:33 WARN  : Given XMD transaction timeout value is invalid. Using default value of 60000 milli seconds
23:37:33 WARN  : Given XMD transaction timeout value is invalid. Using default value of 60000 milli seconds
23:37:33 WARN  : Given XMD transaction timeout value is invalid. Using default value of 60000 milli seconds
23:37:33 WARN  : Given XMD transaction timeout value is invalid. Using default value of 60000 milli seconds
23:48:10 WARN  : Given XMD transaction timeout value is invalid. Using default value of 60000 milli seconds
23:48:10 WARN  : Given XMD transaction timeout value is invalid. Using default value of 60000 milli seconds
23:48:10 WARN  : Given XMD transaction timeout value is invalid. Using default value of 60000 milli seconds
23:48:10 WARN  : Given XMD transaction timeout value is invalid. Using default value of 60000 milli seconds
23:48:10 WARN  : Given XMD transaction timeout value is invalid. Using default value of 60000 milli seconds
23:48:10 INFO  : Processor reset is completed for microblaze_0
23:48:10 WARN  : Given XMD transaction timeout value is invalid. Using default value of 60000 milli seconds
23:48:11 WARN  : Given XMD transaction timeout value is invalid. Using default value of 60000 milli seconds
23:48:11 WARN  : Given XMD transaction timeout value is invalid. Using default value of 60000 milli seconds
23:48:11 WARN  : Given XMD transaction timeout value is invalid. Using default value of 60000 milli seconds
23:48:11 WARN  : Given XMD transaction timeout value is invalid. Using default value of 60000 milli seconds
23:48:11 WARN  : Given XMD transaction timeout value is invalid. Using default value of 60000 milli seconds
23:48:12 WARN  : Given XMD transaction timeout value is invalid. Using default value of 60000 milli seconds
23:48:12 WARN  : Given XMD transaction timeout value is invalid. Using default value of 60000 milli seconds
23:50:03 WARN  : Given XMD transaction timeout value is invalid. Using default value of 60000 milli seconds
23:50:03 WARN  : Given XMD transaction timeout value is invalid. Using default value of 60000 milli seconds
23:50:04 WARN  : Given XMD transaction timeout value is invalid. Using default value of 60000 milli seconds
23:50:04 WARN  : Given XMD transaction timeout value is invalid. Using default value of 60000 milli seconds
23:50:04 WARN  : Given XMD transaction timeout value is invalid. Using default value of 60000 milli seconds
23:50:04 INFO  : Processor reset is completed for microblaze_0
23:50:04 WARN  : Given XMD transaction timeout value is invalid. Using default value of 60000 milli seconds
23:50:04 WARN  : Given XMD transaction timeout value is invalid. Using default value of 60000 milli seconds
23:50:04 WARN  : Given XMD transaction timeout value is invalid. Using default value of 60000 milli seconds
23:50:04 WARN  : Given XMD transaction timeout value is invalid. Using default value of 60000 milli seconds
23:50:04 WARN  : Given XMD transaction timeout value is invalid. Using default value of 60000 milli seconds
23:50:05 WARN  : Given XMD transaction timeout value is invalid. Using default value of 60000 milli seconds
23:50:05 WARN  : Given XMD transaction timeout value is invalid. Using default value of 60000 milli seconds
23:50:05 WARN  : Given XMD transaction timeout value is invalid. Using default value of 60000 milli seconds
23:55:29 WARN  : Given XMD transaction timeout value is invalid. Using default value of 60000 milli seconds
23:55:29 WARN  : Given XMD transaction timeout value is invalid. Using default value of 60000 milli seconds
23:55:29 WARN  : Given XMD transaction timeout value is invalid. Using default value of 60000 milli seconds
23:55:29 WARN  : Given XMD transaction timeout value is invalid. Using default value of 60000 milli seconds
23:55:29 WARN  : Given XMD transaction timeout value is invalid. Using default value of 60000 milli seconds
23:55:29 INFO  : Processor reset is completed for microblaze_0
23:55:29 WARN  : Given XMD transaction timeout value is invalid. Using default value of 60000 milli seconds
23:55:30 WARN  : Given XMD transaction timeout value is invalid. Using default value of 60000 milli seconds
23:55:30 WARN  : Given XMD transaction timeout value is invalid. Using default value of 60000 milli seconds
23:55:30 WARN  : Given XMD transaction timeout value is invalid. Using default value of 60000 milli seconds
23:55:30 WARN  : Given XMD transaction timeout value is invalid. Using default value of 60000 milli seconds
23:55:30 WARN  : Given XMD transaction timeout value is invalid. Using default value of 60000 milli seconds
23:55:30 WARN  : Given XMD transaction timeout value is invalid. Using default value of 60000 milli seconds
23:55:30 WARN  : Given XMD transaction timeout value is invalid. Using default value of 60000 milli seconds
23:58:25 WARN  : Given XMD transaction timeout value is invalid. Using default value of 60000 milli seconds
23:58:25 WARN  : Given XMD transaction timeout value is invalid. Using default value of 60000 milli seconds
23:58:25 WARN  : Given XMD transaction timeout value is invalid. Using default value of 60000 milli seconds
23:58:25 WARN  : Given XMD transaction timeout value is invalid. Using default value of 60000 milli seconds
23:58:25 WARN  : Given XMD transaction timeout value is invalid. Using default value of 60000 milli seconds
23:58:25 INFO  : Processor reset is completed for microblaze_0
23:58:26 WARN  : Given XMD transaction timeout value is invalid. Using default value of 60000 milli seconds
23:58:26 WARN  : Given XMD transaction timeout value is invalid. Using default value of 60000 milli seconds
23:58:26 WARN  : Given XMD transaction timeout value is invalid. Using default value of 60000 milli seconds
23:58:26 WARN  : Given XMD transaction timeout value is invalid. Using default value of 60000 milli seconds
23:58:26 WARN  : Given XMD transaction timeout value is invalid. Using default value of 60000 milli seconds
23:58:26 WARN  : Given XMD transaction timeout value is invalid. Using default value of 60000 milli seconds
23:58:27 WARN  : Given XMD transaction timeout value is invalid. Using default value of 60000 milli seconds
23:58:27 WARN  : Given XMD transaction timeout value is invalid. Using default value of 60000 milli seconds
00:30:07 ERROR : Unexpected error while parsing XMD response ?: com.google.gson.JsonSyntaxException: com.google.gson.stream.MalformedJsonException: invalid number or unquoted string near 
23:57:02 INFO  : Registering command handlers for SDK TCF services
23:57:06 INFO  : Launching XSCT server: xsct.bat -interactive C:\Users\Thomas\Documents\GitHub\Hello_World3\Hello_World3.sdk\temp_xsdb_launch_script.tcl
23:57:25 INFO  : XSCT server has started successfully.
23:57:32 INFO  : Successfully done setting XSCT server connection channel  
23:57:32 INFO  : Successfully done setting SDK workspace  
23:57:32 INFO  : Processing command line option -hwspec C:/Users/Thomas/Documents/GitHub/Hello_World3/Hello_World3.sdk/design_1_wrapper.hdf.
23:57:32 INFO  : Checking for hwspec changes in the project design_1_wrapper_hw_platform_0.
23:57:41 INFO  : SDK has detected change in the last modified timestamps for source hardware specification file Source:1510289599522,  Project:1510104283651
23:57:41 INFO  : The hardware specification for project 'design_1_wrapper_hw_platform_0' is different from C:/Users/Thomas/Documents/GitHub/Hello_World3/Hello_World3.sdk/design_1_wrapper.hdf.
23:57:41 INFO  : Copied contents of C:/Users/Thomas/Documents/GitHub/Hello_World3/Hello_World3.sdk/design_1_wrapper.hdf into \design_1_wrapper_hw_platform_0\system.hdf.
23:57:43 INFO  : Synchronizing projects in the workspace with the hardware platform specification changes.
23:57:57 INFO  : 
23:58:00 INFO  : Updating hardware inferred compiler options for Hello_WaveGen.
23:58:02 INFO  : Updating hardware inferred compiler options for Hello_World.
23:58:02 INFO  : Clearing existing target manager status.
23:58:03 WARN  : Given IPC port value is invalid. Using default port 2350
23:58:03 WARN  : Given XMD timeout value is invalid. Using default value of 50000
23:58:13 WARN  : Given XMD transaction timeout value is invalid. Using default value of 60000 milli seconds
00:00:09 INFO  : Connected to target on host '127.0.0.1' and port '3121'.
00:00:12 INFO  : 'targets -set -filter {jtag_cable_name =~ "Digilent Arty S7 - 50 210352A6BE66A" && level==0} -index 0' command is executed.
00:00:14 INFO  : FPGA configured successfully with bitstream "C:/Users/Thomas/Documents/GitHub/Hello_World3/Hello_World3.sdk/design_1_wrapper_hw_platform_0/download.bit"
00:01:55 WARN  : Given XMD transaction timeout value is invalid. Using default value of 60000 milli seconds
00:02:00 WARN  : Given XMD transaction timeout value is invalid. Using default value of 60000 milli seconds
00:02:00 WARN  : Given XMD transaction timeout value is invalid. Using default value of 60000 milli seconds
00:02:00 WARN  : Given XMD transaction timeout value is invalid. Using default value of 60000 milli seconds
00:02:01 WARN  : Given XMD transaction timeout value is invalid. Using default value of 60000 milli seconds
00:02:01 WARN  : Given XMD transaction timeout value is invalid. Using default value of 60000 milli seconds
00:02:01 INFO  : Processor reset is completed for microblaze_0
00:02:01 WARN  : Given XMD transaction timeout value is invalid. Using default value of 60000 milli seconds
00:02:02 WARN  : Given XMD transaction timeout value is invalid. Using default value of 60000 milli seconds
00:02:02 WARN  : Given XMD transaction timeout value is invalid. Using default value of 60000 milli seconds
00:02:02 WARN  : Given XMD transaction timeout value is invalid. Using default value of 60000 milli seconds
00:02:02 WARN  : Given XMD transaction timeout value is invalid. Using default value of 60000 milli seconds
00:02:02 WARN  : Given XMD transaction timeout value is invalid. Using default value of 60000 milli seconds
00:02:03 WARN  : Given XMD transaction timeout value is invalid. Using default value of 60000 milli seconds
00:02:03 WARN  : Given XMD transaction timeout value is invalid. Using default value of 60000 milli seconds
00:13:37 WARN  : Given XMD transaction timeout value is invalid. Using default value of 60000 milli seconds
00:13:37 WARN  : Given XMD transaction timeout value is invalid. Using default value of 60000 milli seconds
00:13:37 WARN  : Given XMD transaction timeout value is invalid. Using default value of 60000 milli seconds
00:13:37 WARN  : Given XMD transaction timeout value is invalid. Using default value of 60000 milli seconds
00:13:37 WARN  : Given XMD transaction timeout value is invalid. Using default value of 60000 milli seconds
00:13:37 INFO  : Processor reset is completed for microblaze_0
00:13:38 WARN  : Given XMD transaction timeout value is invalid. Using default value of 60000 milli seconds
00:13:38 WARN  : Given XMD transaction timeout value is invalid. Using default value of 60000 milli seconds
00:13:38 WARN  : Given XMD transaction timeout value is invalid. Using default value of 60000 milli seconds
00:13:38 WARN  : Given XMD transaction timeout value is invalid. Using default value of 60000 milli seconds
00:13:38 WARN  : Given XMD transaction timeout value is invalid. Using default value of 60000 milli seconds
00:13:38 WARN  : Given XMD transaction timeout value is invalid. Using default value of 60000 milli seconds
00:13:39 WARN  : Given XMD transaction timeout value is invalid. Using default value of 60000 milli seconds
00:13:39 WARN  : Given XMD transaction timeout value is invalid. Using default value of 60000 milli seconds
00:16:07 WARN  : Given XMD transaction timeout value is invalid. Using default value of 60000 milli seconds
00:16:07 WARN  : Given XMD transaction timeout value is invalid. Using default value of 60000 milli seconds
00:16:07 WARN  : Given XMD transaction timeout value is invalid. Using default value of 60000 milli seconds
00:16:07 WARN  : Given XMD transaction timeout value is invalid. Using default value of 60000 milli seconds
00:16:07 WARN  : Given XMD transaction timeout value is invalid. Using default value of 60000 milli seconds
00:16:07 INFO  : Processor reset is completed for microblaze_0
00:16:07 WARN  : Given XMD transaction timeout value is invalid. Using default value of 60000 milli seconds
00:16:08 WARN  : Given XMD transaction timeout value is invalid. Using default value of 60000 milli seconds
00:16:08 WARN  : Given XMD transaction timeout value is invalid. Using default value of 60000 milli seconds
00:16:08 WARN  : Given XMD transaction timeout value is invalid. Using default value of 60000 milli seconds
00:16:08 WARN  : Given XMD transaction timeout value is invalid. Using default value of 60000 milli seconds
00:16:08 WARN  : Given XMD transaction timeout value is invalid. Using default value of 60000 milli seconds
00:16:09 WARN  : Given XMD transaction timeout value is invalid. Using default value of 60000 milli seconds
00:16:09 WARN  : Given XMD transaction timeout value is invalid. Using default value of 60000 milli seconds
00:19:46 ERROR : Unexpected error while parsing XMD response ?: com.google.gson.JsonSyntaxException: com.google.gson.stream.MalformedJsonException: invalid number or unquoted string near 
08:01:33 INFO  : Registering command handlers for SDK TCF services
08:01:37 INFO  : Launching XSCT server: xsct.bat -interactive C:\Users\Thomas\Documents\GitHub\Hello_World3\Hello_World3.sdk\temp_xsdb_launch_script.tcl
08:01:46 INFO  : XSCT server has started successfully.
08:01:48 INFO  : Successfully done setting XSCT server connection channel  
08:01:48 INFO  : Successfully done setting SDK workspace  
08:01:49 INFO  : Processing command line option -hwspec C:/Users/Thomas/Documents/GitHub/Hello_World3/Hello_World3.sdk/design_1_wrapper.hdf.
08:01:49 INFO  : Checking for hwspec changes in the project design_1_wrapper_hw_platform_0.
08:16:03 INFO  : Connected to target on host '127.0.0.1' and port '3121'.
08:16:04 INFO  : 'targets -set -filter {jtag_cable_name =~ "Digilent Arty S7 - 50 210352A6BE66A" && level==0} -index 0' command is executed.
08:16:06 INFO  : FPGA configured successfully with bitstream "C:/Users/Thomas/Documents/GitHub/Hello_World3/Hello_World3.sdk/design_1_wrapper_hw_platform_0/download.bit"
08:18:20 WARN  : Given IPC port value is invalid. Using default port 2350
08:18:20 WARN  : Given XMD timeout value is invalid. Using default value of 50000
08:18:28 WARN  : Given XMD transaction timeout value is invalid. Using default value of 60000 milli seconds
08:18:29 WARN  : Given XMD transaction timeout value is invalid. Using default value of 60000 milli seconds
08:18:34 WARN  : Given XMD transaction timeout value is invalid. Using default value of 60000 milli seconds
08:18:34 WARN  : Given XMD transaction timeout value is invalid. Using default value of 60000 milli seconds
08:18:34 WARN  : Given XMD transaction timeout value is invalid. Using default value of 60000 milli seconds
08:18:34 WARN  : Given XMD transaction timeout value is invalid. Using default value of 60000 milli seconds
08:18:34 WARN  : Given XMD transaction timeout value is invalid. Using default value of 60000 milli seconds
08:18:34 INFO  : Processor reset is completed for microblaze_0
08:18:34 WARN  : Given XMD transaction timeout value is invalid. Using default value of 60000 milli seconds
08:18:34 WARN  : Given XMD transaction timeout value is invalid. Using default value of 60000 milli seconds
08:18:35 WARN  : Given XMD transaction timeout value is invalid. Using default value of 60000 milli seconds
08:18:35 WARN  : Given XMD transaction timeout value is invalid. Using default value of 60000 milli seconds
08:18:35 WARN  : Given XMD transaction timeout value is invalid. Using default value of 60000 milli seconds
08:18:35 WARN  : Given XMD transaction timeout value is invalid. Using default value of 60000 milli seconds
08:18:36 WARN  : Given XMD transaction timeout value is invalid. Using default value of 60000 milli seconds
08:18:36 WARN  : Given XMD transaction timeout value is invalid. Using default value of 60000 milli seconds
08:23:04 WARN  : Given XMD transaction timeout value is invalid. Using default value of 60000 milli seconds
08:23:04 WARN  : Given XMD transaction timeout value is invalid. Using default value of 60000 milli seconds
08:23:04 WARN  : Given XMD transaction timeout value is invalid. Using default value of 60000 milli seconds
08:23:04 WARN  : Given XMD transaction timeout value is invalid. Using default value of 60000 milli seconds
08:23:04 WARN  : Given XMD transaction timeout value is invalid. Using default value of 60000 milli seconds
08:23:04 INFO  : Processor reset is completed for microblaze_0
08:23:05 WARN  : Given XMD transaction timeout value is invalid. Using default value of 60000 milli seconds
08:23:05 WARN  : Given XMD transaction timeout value is invalid. Using default value of 60000 milli seconds
08:23:05 WARN  : Given XMD transaction timeout value is invalid. Using default value of 60000 milli seconds
08:23:05 WARN  : Given XMD transaction timeout value is invalid. Using default value of 60000 milli seconds
08:23:05 WARN  : Given XMD transaction timeout value is invalid. Using default value of 60000 milli seconds
08:23:05 WARN  : Given XMD transaction timeout value is invalid. Using default value of 60000 milli seconds
08:23:06 WARN  : Given XMD transaction timeout value is invalid. Using default value of 60000 milli seconds
08:23:06 WARN  : Given XMD transaction timeout value is invalid. Using default value of 60000 milli seconds
08:29:01 WARN  : Given XMD transaction timeout value is invalid. Using default value of 60000 milli seconds
08:29:01 WARN  : Given XMD transaction timeout value is invalid. Using default value of 60000 milli seconds
08:29:01 WARN  : Given XMD transaction timeout value is invalid. Using default value of 60000 milli seconds
08:29:01 WARN  : Given XMD transaction timeout value is invalid. Using default value of 60000 milli seconds
08:29:01 WARN  : Given XMD transaction timeout value is invalid. Using default value of 60000 milli seconds
08:29:01 INFO  : Processor reset is completed for microblaze_0
08:29:01 WARN  : Given XMD transaction timeout value is invalid. Using default value of 60000 milli seconds
08:29:02 WARN  : Given XMD transaction timeout value is invalid. Using default value of 60000 milli seconds
08:29:02 WARN  : Given XMD transaction timeout value is invalid. Using default value of 60000 milli seconds
08:29:02 WARN  : Given XMD transaction timeout value is invalid. Using default value of 60000 milli seconds
08:29:02 WARN  : Given XMD transaction timeout value is invalid. Using default value of 60000 milli seconds
08:29:02 WARN  : Given XMD transaction timeout value is invalid. Using default value of 60000 milli seconds
08:29:03 WARN  : Given XMD transaction timeout value is invalid. Using default value of 60000 milli seconds
08:29:03 WARN  : Given XMD transaction timeout value is invalid. Using default value of 60000 milli seconds
08:36:23 WARN  : Given XMD transaction timeout value is invalid. Using default value of 60000 milli seconds
08:36:23 WARN  : Given XMD transaction timeout value is invalid. Using default value of 60000 milli seconds
08:36:23 WARN  : Given XMD transaction timeout value is invalid. Using default value of 60000 milli seconds
08:36:23 WARN  : Given XMD transaction timeout value is invalid. Using default value of 60000 milli seconds
08:36:23 WARN  : Given XMD transaction timeout value is invalid. Using default value of 60000 milli seconds
08:36:23 INFO  : Processor reset is completed for microblaze_0
08:36:24 WARN  : Given XMD transaction timeout value is invalid. Using default value of 60000 milli seconds
08:36:24 WARN  : Given XMD transaction timeout value is invalid. Using default value of 60000 milli seconds
08:36:24 WARN  : Given XMD transaction timeout value is invalid. Using default value of 60000 milli seconds
08:36:24 WARN  : Given XMD transaction timeout value is invalid. Using default value of 60000 milli seconds
08:36:24 WARN  : Given XMD transaction timeout value is invalid. Using default value of 60000 milli seconds
08:36:24 WARN  : Given XMD transaction timeout value is invalid. Using default value of 60000 milli seconds
08:36:26 WARN  : Given XMD transaction timeout value is invalid. Using default value of 60000 milli seconds
08:36:26 WARN  : Given XMD transaction timeout value is invalid. Using default value of 60000 milli seconds
08:39:14 WARN  : Given XMD transaction timeout value is invalid. Using default value of 60000 milli seconds
08:39:14 WARN  : Given XMD transaction timeout value is invalid. Using default value of 60000 milli seconds
08:39:14 WARN  : Given XMD transaction timeout value is invalid. Using default value of 60000 milli seconds
08:39:14 WARN  : Given XMD transaction timeout value is invalid. Using default value of 60000 milli seconds
08:39:14 WARN  : Given XMD transaction timeout value is invalid. Using default value of 60000 milli seconds
08:39:14 INFO  : Processor reset is completed for microblaze_0
08:39:14 WARN  : Given XMD transaction timeout value is invalid. Using default value of 60000 milli seconds
08:39:15 WARN  : Given XMD transaction timeout value is invalid. Using default value of 60000 milli seconds
08:39:15 WARN  : Given XMD transaction timeout value is invalid. Using default value of 60000 milli seconds
08:39:15 WARN  : Given XMD transaction timeout value is invalid. Using default value of 60000 milli seconds
08:39:15 WARN  : Given XMD transaction timeout value is invalid. Using default value of 60000 milli seconds
08:39:15 WARN  : Given XMD transaction timeout value is invalid. Using default value of 60000 milli seconds
08:39:16 WARN  : Given XMD transaction timeout value is invalid. Using default value of 60000 milli seconds
08:39:16 WARN  : Given XMD transaction timeout value is invalid. Using default value of 60000 milli seconds
08:42:09 WARN  : Given XMD transaction timeout value is invalid. Using default value of 60000 milli seconds
08:42:10 WARN  : Given XMD transaction timeout value is invalid. Using default value of 60000 milli seconds
08:42:10 WARN  : Given XMD transaction timeout value is invalid. Using default value of 60000 milli seconds
08:42:10 WARN  : Given XMD transaction timeout value is invalid. Using default value of 60000 milli seconds
08:42:10 WARN  : Given XMD transaction timeout value is invalid. Using default value of 60000 milli seconds
08:42:10 INFO  : Processor reset is completed for microblaze_0
08:42:10 WARN  : Given XMD transaction timeout value is invalid. Using default value of 60000 milli seconds
08:42:10 WARN  : Given XMD transaction timeout value is invalid. Using default value of 60000 milli seconds
08:42:11 WARN  : Given XMD transaction timeout value is invalid. Using default value of 60000 milli seconds
08:42:11 WARN  : Given XMD transaction timeout value is invalid. Using default value of 60000 milli seconds
08:42:11 WARN  : Given XMD transaction timeout value is invalid. Using default value of 60000 milli seconds
08:42:11 WARN  : Given XMD transaction timeout value is invalid. Using default value of 60000 milli seconds
08:42:12 WARN  : Given XMD transaction timeout value is invalid. Using default value of 60000 milli seconds
08:42:12 WARN  : Given XMD transaction timeout value is invalid. Using default value of 60000 milli seconds
08:44:51 INFO  : Connected to target on host '127.0.0.1' and port '3121'.
08:44:52 INFO  : 'targets -set -filter {jtag_cable_name =~ "Digilent Arty S7 - 50 210352A6BE66A" && level==0} -index 0' command is executed.
08:44:53 INFO  : FPGA configured successfully with bitstream "C:/Users/Thomas/Documents/GitHub/Hello_World3/Hello_World3.sdk/design_1_wrapper_hw_platform_0/download.bit"
08:45:39 WARN  : Given XMD transaction timeout value is invalid. Using default value of 60000 milli seconds
08:45:40 WARN  : Given XMD transaction timeout value is invalid. Using default value of 60000 milli seconds
08:45:40 WARN  : Given XMD transaction timeout value is invalid. Using default value of 60000 milli seconds
08:45:40 WARN  : Given XMD transaction timeout value is invalid. Using default value of 60000 milli seconds
08:45:40 WARN  : Given XMD transaction timeout value is invalid. Using default value of 60000 milli seconds
08:45:40 INFO  : Processor reset is completed for microblaze_0
08:45:40 WARN  : Given XMD transaction timeout value is invalid. Using default value of 60000 milli seconds
08:45:40 WARN  : Given XMD transaction timeout value is invalid. Using default value of 60000 milli seconds
08:45:40 WARN  : Given XMD transaction timeout value is invalid. Using default value of 60000 milli seconds
08:45:41 WARN  : Given XMD transaction timeout value is invalid. Using default value of 60000 milli seconds
08:45:41 WARN  : Given XMD transaction timeout value is invalid. Using default value of 60000 milli seconds
08:45:41 WARN  : Given XMD transaction timeout value is invalid. Using default value of 60000 milli seconds
08:45:42 WARN  : Given XMD transaction timeout value is invalid. Using default value of 60000 milli seconds
08:45:42 WARN  : Given XMD transaction timeout value is invalid. Using default value of 60000 milli seconds
08:50:49 WARN  : Given XMD transaction timeout value is invalid. Using default value of 60000 milli seconds
08:50:49 WARN  : Given XMD transaction timeout value is invalid. Using default value of 60000 milli seconds
08:50:49 WARN  : Given XMD transaction timeout value is invalid. Using default value of 60000 milli seconds
08:50:49 WARN  : Given XMD transaction timeout value is invalid. Using default value of 60000 milli seconds
08:50:49 WARN  : Given XMD transaction timeout value is invalid. Using default value of 60000 milli seconds
08:50:50 INFO  : Processor reset is completed for microblaze_0
08:50:50 WARN  : Given XMD transaction timeout value is invalid. Using default value of 60000 milli seconds
08:50:50 WARN  : Given XMD transaction timeout value is invalid. Using default value of 60000 milli seconds
08:50:50 WARN  : Given XMD transaction timeout value is invalid. Using default value of 60000 milli seconds
08:50:50 WARN  : Given XMD transaction timeout value is invalid. Using default value of 60000 milli seconds
08:50:50 WARN  : Given XMD transaction timeout value is invalid. Using default value of 60000 milli seconds
08:50:50 WARN  : Given XMD transaction timeout value is invalid. Using default value of 60000 milli seconds
08:50:51 WARN  : Given XMD transaction timeout value is invalid. Using default value of 60000 milli seconds
08:50:51 WARN  : Given XMD transaction timeout value is invalid. Using default value of 60000 milli seconds
08:56:51 WARN  : Given XMD transaction timeout value is invalid. Using default value of 60000 milli seconds
08:56:51 WARN  : Given XMD transaction timeout value is invalid. Using default value of 60000 milli seconds
08:56:51 WARN  : Given XMD transaction timeout value is invalid. Using default value of 60000 milli seconds
08:56:51 WARN  : Given XMD transaction timeout value is invalid. Using default value of 60000 milli seconds
08:56:51 WARN  : Given XMD transaction timeout value is invalid. Using default value of 60000 milli seconds
08:56:51 INFO  : Processor reset is completed for microblaze_0
08:56:51 WARN  : Given XMD transaction timeout value is invalid. Using default value of 60000 milli seconds
08:56:51 WARN  : Given XMD transaction timeout value is invalid. Using default value of 60000 milli seconds
08:56:52 WARN  : Given XMD transaction timeout value is invalid. Using default value of 60000 milli seconds
08:56:52 WARN  : Given XMD transaction timeout value is invalid. Using default value of 60000 milli seconds
08:56:52 WARN  : Given XMD transaction timeout value is invalid. Using default value of 60000 milli seconds
08:56:52 WARN  : Given XMD transaction timeout value is invalid. Using default value of 60000 milli seconds
08:56:53 WARN  : Given XMD transaction timeout value is invalid. Using default value of 60000 milli seconds
08:56:53 WARN  : Given XMD transaction timeout value is invalid. Using default value of 60000 milli seconds
08:58:18 ERROR : Unexpected error while parsing XMD response ?: com.google.gson.JsonSyntaxException: com.google.gson.stream.MalformedJsonException: invalid number or unquoted string near 
