
*** Running vivado
    with args -log design_1_xbar_0.vds -m64 -product Vivado -mode batch -messageDb vivado.pb -notrace -source design_1_xbar_0.tcl


****** Vivado v2017.3.1 (64-bit)
  **** SW Build 2035080 on Fri Oct 20 14:20:01 MDT 2017
  **** IP Build 2034413 on Fri Oct 20 15:56:25 MDT 2017
    ** Copyright 1986-2017 Xilinx, Inc. All Rights Reserved.

source design_1_xbar_0.tcl -notrace
Starting RTL Elaboration : Time (s): cpu = 00:00:27 ; elapsed = 00:00:31 . Memory (MB): peak = 375.824 ; gain = 105.965
INFO: [Synth 8-638] synthesizing module 'design_1_xbar_0' [c:/Users/Thomas/Documents/GitHub/Hello_World3/Hello_World3.srcs/sources_1/bd/design_1/ip/design_1_xbar_0/synth/design_1_xbar_0.v:59]
INFO: [Synth 8-638] synthesizing module 'axi_crossbar_v2_1_15_axi_crossbar' [c:/Users/Thomas/Documents/GitHub/Hello_World3/Hello_World3.srcs/sources_1/bd/design_1/ipshared/a1b8/hdl/axi_crossbar_v2_1_vl_rfs.v:4882]
INFO: [Synth 8-638] synthesizing module 'axi_crossbar_v2_1_15_crossbar_sasd' [c:/Users/Thomas/Documents/GitHub/Hello_World3/Hello_World3.srcs/sources_1/bd/design_1/ipshared/a1b8/hdl/axi_crossbar_v2_1_vl_rfs.v:1240]
INFO: [Synth 8-638] synthesizing module 'axi_crossbar_v2_1_15_addr_decoder' [c:/Users/Thomas/Documents/GitHub/Hello_World3/Hello_World3.srcs/sources_1/bd/design_1/ipshared/a1b8/hdl/axi_crossbar_v2_1_vl_rfs.v:794]
INFO: [Synth 8-638] synthesizing module 'generic_baseblocks_v2_1_0_comparator_static' [c:/Users/Thomas/Documents/GitHub/Hello_World3/Hello_World3.srcs/sources_1/bd/design_1/ipshared/b752/hdl/generic_baseblocks_v2_1_vl_rfs.v:2133]
INFO: [Synth 8-638] synthesizing module 'generic_baseblocks_v2_1_0_carry_and' [c:/Users/Thomas/Documents/GitHub/Hello_World3/Hello_World3.srcs/sources_1/bd/design_1/ipshared/b752/hdl/generic_baseblocks_v2_1_vl_rfs.v:62]
INFO: [Synth 8-256] done synthesizing module 'generic_baseblocks_v2_1_0_carry_and' (1#1) [c:/Users/Thomas/Documents/GitHub/Hello_World3/Hello_World3.srcs/sources_1/bd/design_1/ipshared/b752/hdl/generic_baseblocks_v2_1_vl_rfs.v:62]
INFO: [Synth 8-256] done synthesizing module 'generic_baseblocks_v2_1_0_comparator_static' (2#1) [c:/Users/Thomas/Documents/GitHub/Hello_World3/Hello_World3.srcs/sources_1/bd/design_1/ipshared/b752/hdl/generic_baseblocks_v2_1_vl_rfs.v:2133]
INFO: [Synth 8-638] synthesizing module 'generic_baseblocks_v2_1_0_comparator_static__parameterized0' [c:/Users/Thomas/Documents/GitHub/Hello_World3/Hello_World3.srcs/sources_1/bd/design_1/ipshared/b752/hdl/generic_baseblocks_v2_1_vl_rfs.v:2133]
INFO: [Synth 8-256] done synthesizing module 'generic_baseblocks_v2_1_0_comparator_static__parameterized0' (2#1) [c:/Users/Thomas/Documents/GitHub/Hello_World3/Hello_World3.srcs/sources_1/bd/design_1/ipshared/b752/hdl/generic_baseblocks_v2_1_vl_rfs.v:2133]
INFO: [Synth 8-638] synthesizing module 'generic_baseblocks_v2_1_0_comparator_static__parameterized1' [c:/Users/Thomas/Documents/GitHub/Hello_World3/Hello_World3.srcs/sources_1/bd/design_1/ipshared/b752/hdl/generic_baseblocks_v2_1_vl_rfs.v:2133]
INFO: [Synth 8-256] done synthesizing module 'generic_baseblocks_v2_1_0_comparator_static__parameterized1' (2#1) [c:/Users/Thomas/Documents/GitHub/Hello_World3/Hello_World3.srcs/sources_1/bd/design_1/ipshared/b752/hdl/generic_baseblocks_v2_1_vl_rfs.v:2133]
INFO: [Synth 8-638] synthesizing module 'generic_baseblocks_v2_1_0_comparator_static__parameterized2' [c:/Users/Thomas/Documents/GitHub/Hello_World3/Hello_World3.srcs/sources_1/bd/design_1/ipshared/b752/hdl/generic_baseblocks_v2_1_vl_rfs.v:2133]
INFO: [Synth 8-256] done synthesizing module 'generic_baseblocks_v2_1_0_comparator_static__parameterized2' (2#1) [c:/Users/Thomas/Documents/GitHub/Hello_World3/Hello_World3.srcs/sources_1/bd/design_1/ipshared/b752/hdl/generic_baseblocks_v2_1_vl_rfs.v:2133]
INFO: [Synth 8-638] synthesizing module 'generic_baseblocks_v2_1_0_comparator_static__parameterized3' [c:/Users/Thomas/Documents/GitHub/Hello_World3/Hello_World3.srcs/sources_1/bd/design_1/ipshared/b752/hdl/generic_baseblocks_v2_1_vl_rfs.v:2133]
INFO: [Synth 8-256] done synthesizing module 'generic_baseblocks_v2_1_0_comparator_static__parameterized3' (2#1) [c:/Users/Thomas/Documents/GitHub/Hello_World3/Hello_World3.srcs/sources_1/bd/design_1/ipshared/b752/hdl/generic_baseblocks_v2_1_vl_rfs.v:2133]
INFO: [Synth 8-638] synthesizing module 'generic_baseblocks_v2_1_0_comparator_static__parameterized4' [c:/Users/Thomas/Documents/GitHub/Hello_World3/Hello_World3.srcs/sources_1/bd/design_1/ipshared/b752/hdl/generic_baseblocks_v2_1_vl_rfs.v:2133]
INFO: [Synth 8-256] done synthesizing module 'generic_baseblocks_v2_1_0_comparator_static__parameterized4' (2#1) [c:/Users/Thomas/Documents/GitHub/Hello_World3/Hello_World3.srcs/sources_1/bd/design_1/ipshared/b752/hdl/generic_baseblocks_v2_1_vl_rfs.v:2133]
INFO: [Synth 8-638] synthesizing module 'generic_baseblocks_v2_1_0_comparator_static__parameterized5' [c:/Users/Thomas/Documents/GitHub/Hello_World3/Hello_World3.srcs/sources_1/bd/design_1/ipshared/b752/hdl/generic_baseblocks_v2_1_vl_rfs.v:2133]
INFO: [Synth 8-256] done synthesizing module 'generic_baseblocks_v2_1_0_comparator_static__parameterized5' (2#1) [c:/Users/Thomas/Documents/GitHub/Hello_World3/Hello_World3.srcs/sources_1/bd/design_1/ipshared/b752/hdl/generic_baseblocks_v2_1_vl_rfs.v:2133]
INFO: [Synth 8-638] synthesizing module 'generic_baseblocks_v2_1_0_comparator_static__parameterized6' [c:/Users/Thomas/Documents/GitHub/Hello_World3/Hello_World3.srcs/sources_1/bd/design_1/ipshared/b752/hdl/generic_baseblocks_v2_1_vl_rfs.v:2133]
INFO: [Synth 8-256] done synthesizing module 'generic_baseblocks_v2_1_0_comparator_static__parameterized6' (2#1) [c:/Users/Thomas/Documents/GitHub/Hello_World3/Hello_World3.srcs/sources_1/bd/design_1/ipshared/b752/hdl/generic_baseblocks_v2_1_vl_rfs.v:2133]
INFO: [Synth 8-256] done synthesizing module 'axi_crossbar_v2_1_15_addr_decoder' (3#1) [c:/Users/Thomas/Documents/GitHub/Hello_World3/Hello_World3.srcs/sources_1/bd/design_1/ipshared/a1b8/hdl/axi_crossbar_v2_1_vl_rfs.v:794]
INFO: [Synth 8-638] synthesizing module 'axi_crossbar_v2_1_15_decerr_slave' [c:/Users/Thomas/Documents/GitHub/Hello_World3/Hello_World3.srcs/sources_1/bd/design_1/ipshared/a1b8/hdl/axi_crossbar_v2_1_vl_rfs.v:3500]
INFO: [Synth 8-256] done synthesizing module 'axi_crossbar_v2_1_15_decerr_slave' (4#1) [c:/Users/Thomas/Documents/GitHub/Hello_World3/Hello_World3.srcs/sources_1/bd/design_1/ipshared/a1b8/hdl/axi_crossbar_v2_1_vl_rfs.v:3500]
INFO: [Synth 8-638] synthesizing module 'axi_crossbar_v2_1_15_addr_arbiter_sasd' [c:/Users/Thomas/Documents/GitHub/Hello_World3/Hello_World3.srcs/sources_1/bd/design_1/ipshared/a1b8/hdl/axi_crossbar_v2_1_vl_rfs.v:65]
INFO: [Synth 8-256] done synthesizing module 'axi_crossbar_v2_1_15_addr_arbiter_sasd' (5#1) [c:/Users/Thomas/Documents/GitHub/Hello_World3/Hello_World3.srcs/sources_1/bd/design_1/ipshared/a1b8/hdl/axi_crossbar_v2_1_vl_rfs.v:65]
INFO: [Synth 8-638] synthesizing module 'axi_crossbar_v2_1_15_splitter' [c:/Users/Thomas/Documents/GitHub/Hello_World3/Hello_World3.srcs/sources_1/bd/design_1/ipshared/a1b8/hdl/axi_crossbar_v2_1_vl_rfs.v:4459]
INFO: [Synth 8-256] done synthesizing module 'axi_crossbar_v2_1_15_splitter' (6#1) [c:/Users/Thomas/Documents/GitHub/Hello_World3/Hello_World3.srcs/sources_1/bd/design_1/ipshared/a1b8/hdl/axi_crossbar_v2_1_vl_rfs.v:4459]
INFO: [Synth 8-638] synthesizing module 'axi_crossbar_v2_1_15_splitter__parameterized0' [c:/Users/Thomas/Documents/GitHub/Hello_World3/Hello_World3.srcs/sources_1/bd/design_1/ipshared/a1b8/hdl/axi_crossbar_v2_1_vl_rfs.v:4459]
INFO: [Synth 8-256] done synthesizing module 'axi_crossbar_v2_1_15_splitter__parameterized0' (6#1) [c:/Users/Thomas/Documents/GitHub/Hello_World3/Hello_World3.srcs/sources_1/bd/design_1/ipshared/a1b8/hdl/axi_crossbar_v2_1_vl_rfs.v:4459]
INFO: [Synth 8-638] synthesizing module 'generic_baseblocks_v2_1_0_mux_enc' [c:/Users/Thomas/Documents/GitHub/Hello_World3/Hello_World3.srcs/sources_1/bd/design_1/ipshared/b752/hdl/generic_baseblocks_v2_1_vl_rfs.v:2452]
INFO: [Synth 8-256] done synthesizing module 'generic_baseblocks_v2_1_0_mux_enc' (7#1) [c:/Users/Thomas/Documents/GitHub/Hello_World3/Hello_World3.srcs/sources_1/bd/design_1/ipshared/b752/hdl/generic_baseblocks_v2_1_vl_rfs.v:2452]
INFO: [Synth 8-638] synthesizing module 'generic_baseblocks_v2_1_0_mux_enc__parameterized0' [c:/Users/Thomas/Documents/GitHub/Hello_World3/Hello_World3.srcs/sources_1/bd/design_1/ipshared/b752/hdl/generic_baseblocks_v2_1_vl_rfs.v:2452]
INFO: [Synth 8-256] done synthesizing module 'generic_baseblocks_v2_1_0_mux_enc__parameterized0' (7#1) [c:/Users/Thomas/Documents/GitHub/Hello_World3/Hello_World3.srcs/sources_1/bd/design_1/ipshared/b752/hdl/generic_baseblocks_v2_1_vl_rfs.v:2452]
INFO: [Synth 8-638] synthesizing module 'generic_baseblocks_v2_1_0_mux_enc__parameterized1' [c:/Users/Thomas/Documents/GitHub/Hello_World3/Hello_World3.srcs/sources_1/bd/design_1/ipshared/b752/hdl/generic_baseblocks_v2_1_vl_rfs.v:2452]
INFO: [Synth 8-256] done synthesizing module 'generic_baseblocks_v2_1_0_mux_enc__parameterized1' (7#1) [c:/Users/Thomas/Documents/GitHub/Hello_World3/Hello_World3.srcs/sources_1/bd/design_1/ipshared/b752/hdl/generic_baseblocks_v2_1_vl_rfs.v:2452]
INFO: [Synth 8-638] synthesizing module 'axi_register_slice_v2_1_14_axic_register_slice' [c:/Users/Thomas/Documents/GitHub/Hello_World3/Hello_World3.srcs/sources_1/bd/design_1/ipshared/a259/hdl/axi_register_slice_v2_1_vl_rfs.v:189]
INFO: [Synth 8-256] done synthesizing module 'axi_register_slice_v2_1_14_axic_register_slice' (8#1) [c:/Users/Thomas/Documents/GitHub/Hello_World3/Hello_World3.srcs/sources_1/bd/design_1/ipshared/a259/hdl/axi_register_slice_v2_1_vl_rfs.v:189]
INFO: [Synth 8-638] synthesizing module 'generic_baseblocks_v2_1_0_mux_enc__parameterized2' [c:/Users/Thomas/Documents/GitHub/Hello_World3/Hello_World3.srcs/sources_1/bd/design_1/ipshared/b752/hdl/generic_baseblocks_v2_1_vl_rfs.v:2452]
INFO: [Synth 8-256] done synthesizing module 'generic_baseblocks_v2_1_0_mux_enc__parameterized2' (8#1) [c:/Users/Thomas/Documents/GitHub/Hello_World3/Hello_World3.srcs/sources_1/bd/design_1/ipshared/b752/hdl/generic_baseblocks_v2_1_vl_rfs.v:2452]
INFO: [Synth 8-256] done synthesizing module 'axi_crossbar_v2_1_15_crossbar_sasd' (9#1) [c:/Users/Thomas/Documents/GitHub/Hello_World3/Hello_World3.srcs/sources_1/bd/design_1/ipshared/a1b8/hdl/axi_crossbar_v2_1_vl_rfs.v:1240]
INFO: [Synth 8-256] done synthesizing module 'axi_crossbar_v2_1_15_axi_crossbar' (10#1) [c:/Users/Thomas/Documents/GitHub/Hello_World3/Hello_World3.srcs/sources_1/bd/design_1/ipshared/a1b8/hdl/axi_crossbar_v2_1_vl_rfs.v:4882]
INFO: [Synth 8-256] done synthesizing module 'design_1_xbar_0' (11#1) [c:/Users/Thomas/Documents/GitHub/Hello_World3/Hello_World3.srcs/sources_1/bd/design_1/ip/design_1_xbar_0/synth/design_1_xbar_0.v:59]
Finished RTL Elaboration : Time (s): cpu = 00:00:53 ; elapsed = 00:01:00 . Memory (MB): peak = 523.961 ; gain = 254.102
Finished RTL Optimization Phase 1 : Time (s): cpu = 00:00:53 ; elapsed = 00:01:00 . Memory (MB): peak = 523.961 ; gain = 254.102
INFO: [Device 21-403] Loading part xc7s50csga324-1
Constraint Validation Runtime : Time (s): cpu = 00:00:01 ; elapsed = 00:00:00.140 . Memory (MB): peak = 754.301 ; gain = 0.000
Finished Constraint Validation : Time (s): cpu = 00:01:24 ; elapsed = 00:01:35 . Memory (MB): peak = 754.301 ; gain = 484.441
Finished Loading Part and Timing Information : Time (s): cpu = 00:01:24 ; elapsed = 00:01:35 . Memory (MB): peak = 754.301 ; gain = 484.441
Finished applying 'set_property' XDC Constraints : Time (s): cpu = 00:01:24 ; elapsed = 00:01:35 . Memory (MB): peak = 754.301 ; gain = 484.441
Finished RTL Optimization Phase 2 : Time (s): cpu = 00:01:25 ; elapsed = 00:01:36 . Memory (MB): peak = 754.301 ; gain = 484.441
Finished Cross Boundary and Area Optimization : Time (s): cpu = 00:01:29 ; elapsed = 00:01:40 . Memory (MB): peak = 754.301 ; gain = 484.441
Finished Applying XDC Timing Constraints : Time (s): cpu = 00:01:57 ; elapsed = 00:02:09 . Memory (MB): peak = 754.301 ; gain = 484.441
Finished Timing Optimization : Time (s): cpu = 00:02:03 ; elapsed = 00:02:15 . Memory (MB): peak = 781.359 ; gain = 511.500
Finished Technology Mapping : Time (s): cpu = 00:02:04 ; elapsed = 00:02:16 . Memory (MB): peak = 789.031 ; gain = 519.172
Finished IO Insertion : Time (s): cpu = 00:02:09 ; elapsed = 00:02:22 . Memory (MB): peak = 789.031 ; gain = 519.172
Finished Renaming Generated Instances : Time (s): cpu = 00:02:09 ; elapsed = 00:02:22 . Memory (MB): peak = 789.031 ; gain = 519.172
Finished Rebuilding User Hierarchy : Time (s): cpu = 00:02:09 ; elapsed = 00:02:22 . Memory (MB): peak = 789.031 ; gain = 519.172
Finished Renaming Generated Ports : Time (s): cpu = 00:02:09 ; elapsed = 00:02:22 . Memory (MB): peak = 789.031 ; gain = 519.172
Finished Handling Custom Attributes : Time (s): cpu = 00:02:10 ; elapsed = 00:02:22 . Memory (MB): peak = 789.031 ; gain = 519.172
Finished Renaming Generated Nets : Time (s): cpu = 00:02:10 ; elapsed = 00:02:23 . Memory (MB): peak = 789.031 ; gain = 519.172

Report Cell Usage: 
+------+-----+------+
|      |Cell |Count |
+------+-----+------+
|1     |LUT1 |     2|
|2     |LUT2 |    18|
|3     |LUT3 |    54|
|4     |LUT4 |    67|
|5     |LUT5 |    68|
|6     |LUT6 |   160|
|7     |FDRE |   138|
+------+-----+------+
Finished Writing Synthesis Report : Time (s): cpu = 00:02:10 ; elapsed = 00:02:23 . Memory (MB): peak = 789.031 ; gain = 519.172
synth_design: Time (s): cpu = 00:02:17 ; elapsed = 00:02:31 . Memory (MB): peak = 789.031 ; gain = 526.063
