#-----------------------------------------------------------
# Webtalk v2017.4 (64-bit)
# SW Build 2086221 on Fri Dec 15 20:55:39 MST 2017
# 
# Start of session at: Tue Mar  6 00:07:31 2018
# Process ID: 10976
# Current directory: C:/Users/thomm/Documents/GitHub/WG2018_HelloWaveGen/Hello_World3.sdk/webtalk
# Command line: wbtcv.exe -mode batch -source sdk_webtalk.tcl
# Log file: C:/Users/thomm/Documents/GitHub/WG2018_HelloWaveGen/Hello_World3.sdk/webtalk/webtalk.log
# Journal file: C:/Users/thomm/Documents/GitHub/WG2018_HelloWaveGen/Hello_World3.sdk/webtalk\webtalk.jou
#-----------------------------------------------------------
source sdk_webtalk.tcl
# webtalk_init -webtalk_dir C:\\Users\\thomm\\Documents\\GitHub\\WG2018_HelloWaveGen\\Hello_World3.sdk\\webtalk
# webtalk_register_client -client project
# webtalk_add_data -client project -key date_generated -value "2018-03-06 00:07:29" -context "software_version_and_target_device"
# webtalk_add_data -client project -key product_version -value "SDK v2017.4" -context "software_version_and_target_device"
# webtalk_add_data -client project -key build_version -value "2017.4" -context "software_version_and_target_device"
# webtalk_add_data -client project -key os_platform -value "amd64" -context "software_version_and_target_device"
# webtalk_add_data -client project -key registration_id -value "" -context "software_version_and_target_device"
# webtalk_add_data -client project -key tool_flow -value "SDK" -context "software_version_and_target_device"
# webtalk_add_data -client project -key beta -value "false" -context "software_version_and_target_device"
# webtalk_add_data -client project -key route_design -value "NA" -context "software_version_and_target_device"
# webtalk_add_data -client project -key target_family -value "NA" -context "software_version_and_target_device"
# webtalk_add_data -client project -key target_device -value "NA" -context "software_version_and_target_device"
# webtalk_add_data -client project -key target_package -value "NA" -context "software_version_and_target_device"
# webtalk_add_data -client project -key target_speed -value "NA" -context "software_version_and_target_device"
# webtalk_add_data -client project -key random_id -value "eams770uf6gsacaskjmc94u3up" -context "software_version_and_target_device"
# webtalk_add_data -client project -key project_id -value "2017.4_30" -context "software_version_and_target_device"
# webtalk_add_data -client project -key project_iteration -value "30" -context "software_version_and_target_device"
# webtalk_add_data -client project -key os_name -value "Microsoft Windows 8 or later , 64-bit" -context "user_environment"
# webtalk_add_data -client project -key os_release -value "major release  (build 9200)" -context "user_environment"
# webtalk_add_data -client project -key cpu_name -value "Intel(R) Core(TM) i7-7700HQ CPU @ 2.80GHz" -context "user_environment"
# webtalk_add_data -client project -key cpu_speed -value "2808 MHz" -context "user_environment"
# webtalk_add_data -client project -key total_processors -value "1" -context "user_environment"
# webtalk_add_data -client project -key system_ram -value "17.047 GB" -context "user_environment"
# webtalk_register_client -client sdk
# webtalk_add_data -client sdk -key uid -value "1520302326253" -context "sdk\\\\bsp/1520302326253"
# webtalk_add_data -client sdk -key hwid -value "1520302091526" -context "sdk\\\\bsp/1520302326253"
# webtalk_add_data -client sdk -key os -value "standalone" -context "sdk\\\\bsp/1520302326253"
# webtalk_add_data -client sdk -key apptemplate -value "null" -context "sdk\\\\bsp/1520302326253"
# webtalk_add_data -client sdk -key RecordType -value "BSPCreation" -context "sdk\\\\bsp/1520302326253"
# webtalk_add_data -client sdk -key uid -value "NA" -context "sdk\\\\bsp/1520312849434"
# webtalk_add_data -client sdk -key RecordType -value "ToolUsage" -context "sdk\\\\bsp/1520312849434"
# webtalk_add_data -client sdk -key BootgenCount -value "0" -context "sdk\\\\bsp/1520312849434"
# webtalk_add_data -client sdk -key DebugCount -value "0" -context "sdk\\\\bsp/1520312849434"
# webtalk_add_data -client sdk -key PerfCount -value "0" -context "sdk\\\\bsp/1520312849434"
# webtalk_add_data -client sdk -key FlashCount -value "0" -context "sdk\\\\bsp/1520312849434"
# webtalk_add_data -client sdk -key CrossTriggCount -value "0" -context "sdk\\\\bsp/1520312849434"
# webtalk_add_data -client sdk -key QemuDebugCount -value "0" -context "sdk\\\\bsp/1520312849434"
# webtalk_transmit -clientid 3373739982 -regid "" -xml C:\\Users\\thomm\\Documents\\GitHub\\WG2018_HelloWaveGen\\Hello_World3.sdk\\webtalk\\usage_statistics_ext_sdk.xml -html C:\\Users\\thomm\\Documents\\GitHub\\WG2018_HelloWaveGen\\Hello_World3.sdk\\webtalk\\usage_statistics_ext_sdk.html -wdm C:\\Users\\thomm\\Documents\\GitHub\\WG2018_HelloWaveGen\\Hello_World3.sdk\\webtalk\\sdk_webtalk.wdm -intro "<H3>SDK Usage Report</H3><BR>"
# webtalk_terminate
INFO: [Common 17-206] Exiting Webtalk at Tue Mar  6 00:07:36 2018...
