#-----------------------------------------------------------
# Webtalk v2017.3.1 (64-bit)
# SW Build 2035080 on Fri Oct 20 14:20:01 MDT 2017
# 
# Start of session at: Mon Nov  6 22:42:09 2017
# Process ID: 8236
# Current directory: C:/Users/Thomas/Documents/GitHub/Hello_World3/Hello_World3.sdk/webtalk
# Command line: wbtcv.exe -mode batch -source sdk_webtalk.tcl
# Log file: C:/Users/Thomas/Documents/GitHub/Hello_World3/Hello_World3.sdk/webtalk/webtalk.log
# Journal file: C:/Users/Thomas/Documents/GitHub/Hello_World3/Hello_World3.sdk/webtalk\webtalk.jou
#-----------------------------------------------------------
source sdk_webtalk.tcl
# webtalk_init -webtalk_dir C:\\Users\\Thomas\\Documents\\GitHub\\Hello_World3\\Hello_World3.sdk\\webtalk
# webtalk_register_client -client project
# webtalk_add_data -client project -key date_generated -value "2017-11-06 22:42:01" -context "software_version_and_target_device"
# webtalk_add_data -client project -key product_version -value "SDK v2017.3" -context "software_version_and_target_device"
# webtalk_add_data -client project -key build_version -value "2017.3" -context "software_version_and_target_device"
# webtalk_add_data -client project -key os_platform -value "amd64" -context "software_version_and_target_device"
# webtalk_add_data -client project -key registration_id -value "" -context "software_version_and_target_device"
# webtalk_add_data -client project -key tool_flow -value "SDK" -context "software_version_and_target_device"
# webtalk_add_data -client project -key beta -value "false" -context "software_version_and_target_device"
# webtalk_add_data -client project -key route_design -value "NA" -context "software_version_and_target_device"
# webtalk_add_data -client project -key target_family -value "NA" -context "software_version_and_target_device"
# webtalk_add_data -client project -key target_device -value "NA" -context "software_version_and_target_device"
# webtalk_add_data -client project -key target_package -value "NA" -context "software_version_and_target_device"
# webtalk_add_data -client project -key target_speed -value "NA" -context "software_version_and_target_device"
# webtalk_add_data -client project -key random_id -value "6b1thbpp1glq125aeohekiijiq" -context "software_version_and_target_device"
# webtalk_add_data -client project -key project_id -value "2017.3_3" -context "software_version_and_target_device"
# webtalk_add_data -client project -key project_iteration -value "3" -context "software_version_and_target_device"
# webtalk_add_data -client project -key os_name -value "Microsoft Windows 8 or later , 64-bit" -context "user_environment"
# webtalk_add_data -client project -key os_release -value "major release  (build 9200)" -context "user_environment"
# webtalk_add_data -client project -key cpu_name -value "Intel(R) Core(TM) i5-3337U CPU @ 1.80GHz" -context "user_environment"
# webtalk_add_data -client project -key cpu_speed -value "1796 MHz" -context "user_environment"
# webtalk_add_data -client project -key total_processors -value "1" -context "user_environment"
# webtalk_add_data -client project -key system_ram -value "12.745 GB" -context "user_environment"
# webtalk_register_client -client sdk
# webtalk_add_data -client sdk -key uid -value "1510022782654" -context "sdk\\\\hardware/1510022782654"
# webtalk_add_data -client sdk -key isZynq -value "false" -context "sdk\\\\hardware/1510022782654"
# webtalk_add_data -client sdk -key isZynqMP -value "false" -context "sdk\\\\hardware/1510022782654"
# webtalk_add_data -client sdk -key Processors -value "1" -context "sdk\\\\hardware/1510022782654"
# webtalk_add_data -client sdk -key VivadoVersion -value "2017.3.1" -context "sdk\\\\hardware/1510022782654"
# webtalk_add_data -client sdk -key Arch -value "spartan7" -context "sdk\\\\hardware/1510022782654"
# webtalk_add_data -client sdk -key Device -value "7s50" -context "sdk\\\\hardware/1510022782654"
# webtalk_add_data -client sdk -key IsHandoff -value "true" -context "sdk\\\\hardware/1510022782654"
# webtalk_add_data -client sdk -key os -value "NA" -context "sdk\\\\hardware/1510022782654"
# webtalk_add_data -client sdk -key apptemplate -value "NA" -context "sdk\\\\hardware/1510022782654"
# webtalk_add_data -client sdk -key RecordType -value "HWCreation" -context "sdk\\\\hardware/1510022782654"
# webtalk_add_data -client sdk -key uid -value "1510022873641" -context "sdk\\\\bsp/1510022873641"
# webtalk_add_data -client sdk -key hwid -value "1510022782654" -context "sdk\\\\bsp/1510022873641"
# webtalk_add_data -client sdk -key os -value "standalone" -context "sdk\\\\bsp/1510022873641"
# webtalk_add_data -client sdk -key apptemplate -value "null" -context "sdk\\\\bsp/1510022873641"
# webtalk_add_data -client sdk -key RecordType -value "BSPCreation" -context "sdk\\\\bsp/1510022873641"
# webtalk_add_data -client sdk -key uid -value "1510024288701" -context "sdk\\\\application/1510024288701"
# webtalk_add_data -client sdk -key hwid -value "1510022782654" -context "sdk\\\\application/1510024288701"
# webtalk_add_data -client sdk -key bspid -value "1510022873641" -context "sdk\\\\application/1510024288701"
# webtalk_add_data -client sdk -key newbsp -value "false" -context "sdk\\\\application/1510024288701"
# webtalk_add_data -client sdk -key os -value "standalone" -context "sdk\\\\application/1510024288701"
# webtalk_add_data -client sdk -key apptemplate -value "hello_world" -context "sdk\\\\application/1510024288701"
# webtalk_add_data -client sdk -key RecordType -value "APPCreation" -context "sdk\\\\application/1510024288701"
# webtalk_add_data -client sdk -key LangUsed -value "C" -context "sdk\\\\application/1510024288701"
# webtalk_add_data -client sdk -key Procused -value "microblaze" -context "sdk\\\\application/1510024288701"
# webtalk_add_data -client sdk -key uid -value "NA" -context "sdk\\\\bsp/1510026121497"
# webtalk_add_data -client sdk -key RecordType -value "ToolUsage" -context "sdk\\\\bsp/1510026121497"
# webtalk_add_data -client sdk -key BootgenCount -value "0" -context "sdk\\\\bsp/1510026121497"
# webtalk_add_data -client sdk -key DebugCount -value "0" -context "sdk\\\\bsp/1510026121497"
# webtalk_add_data -client sdk -key PerfCount -value "0" -context "sdk\\\\bsp/1510026121497"
# webtalk_add_data -client sdk -key FlashCount -value "0" -context "sdk\\\\bsp/1510026121497"
# webtalk_add_data -client sdk -key CrossTriggCount -value "0" -context "sdk\\\\bsp/1510026121497"
# webtalk_add_data -client sdk -key QemuDebugCount -value "0" -context "sdk\\\\bsp/1510026121497"
# webtalk_transmit -clientid 2547527829 -regid "" -xml C:\\Users\\Thomas\\Documents\\GitHub\\Hello_World3\\Hello_World3.sdk\\webtalk\\usage_statistics_ext_sdk.xml -html C:\\Users\\Thomas\\Documents\\GitHub\\Hello_World3\\Hello_World3.sdk\\webtalk\\usage_statistics_ext_sdk.html -wdm C:\\Users\\Thomas\\Documents\\GitHub\\Hello_World3\\Hello_World3.sdk\\webtalk\\sdk_webtalk.wdm -intro "<H3>SDK Usage Report</H3><BR>"
INFO: [Common 17-186] 'C:\Users\Thomas\Documents\GitHub\Hello_World3\Hello_World3.sdk\webtalk\usage_statistics_ext_sdk.xml' has been successfully sent to Xilinx on Mon Nov  6 22:42:17 2017. For additional details about this file, please refer to the WebTalk help file at C:/Xilinx/SDK/2017.3/doc/webtalk_introduction.html.
webtalk_transmit: Time (s): cpu = 00:00:00 ; elapsed = 00:00:07 . Memory (MB): peak = 51.430 ; gain = 0.246
# webtalk_terminate
INFO: [Common 17-206] Exiting Webtalk at Mon Nov  6 22:42:17 2017...
