
*** Running vivado
    with args -log design_1_dlmb_v10_0.vds -m64 -product Vivado -mode batch -messageDb vivado.pb -notrace -source design_1_dlmb_v10_0.tcl


****** Vivado v2017.3.1 (64-bit)
  **** SW Build 2035080 on Fri Oct 20 14:20:01 MDT 2017
  **** IP Build 2034413 on Fri Oct 20 15:56:25 MDT 2017
    ** Copyright 1986-2017 Xilinx, Inc. All Rights Reserved.

source design_1_dlmb_v10_0.tcl -notrace
Starting RTL Elaboration : Time (s): cpu = 00:00:23 ; elapsed = 00:00:23 . Memory (MB): peak = 358.027 ; gain = 93.832
INFO: [Synth 8-638] synthesizing module 'design_1_dlmb_v10_0' [c:/Users/Thomas/Documents/GitHub/Hello_World3/Hello_World3.srcs/sources_1/bd/design_1/ip/design_1_dlmb_v10_0/synth/design_1_dlmb_v10_0.vhd:89]
INFO: [Synth 8-638] synthesizing module 'lmb_v10' [c:/Users/Thomas/Documents/GitHub/Hello_World3/Hello_World3.srcs/sources_1/bd/design_1/ipshared/78eb/hdl/lmb_v10_v3_0_vh_rfs.vhd:140]
INFO: [Synth 8-638] synthesizing module 'FDS' [C:/Xilinx/Vivado/2017.3/scripts/rt/data/unisim_comp.v:4087]
INFO: [Synth 8-256] done synthesizing module 'FDS' (1#1) [C:/Xilinx/Vivado/2017.3/scripts/rt/data/unisim_comp.v:4087]
INFO: [Synth 8-256] done synthesizing module 'lmb_v10' (2#1) [c:/Users/Thomas/Documents/GitHub/Hello_World3/Hello_World3.srcs/sources_1/bd/design_1/ipshared/78eb/hdl/lmb_v10_v3_0_vh_rfs.vhd:140]
INFO: [Synth 8-256] done synthesizing module 'design_1_dlmb_v10_0' (3#1) [c:/Users/Thomas/Documents/GitHub/Hello_World3/Hello_World3.srcs/sources_1/bd/design_1/ip/design_1_dlmb_v10_0/synth/design_1_dlmb_v10_0.vhd:89]
Finished RTL Elaboration : Time (s): cpu = 00:00:24 ; elapsed = 00:00:25 . Memory (MB): peak = 400.109 ; gain = 135.914
Finished RTL Optimization Phase 1 : Time (s): cpu = 00:00:24 ; elapsed = 00:00:25 . Memory (MB): peak = 400.109 ; gain = 135.914
INFO: [Device 21-403] Loading part xc7s50csga324-1
Constraint Validation Runtime : Time (s): cpu = 00:00:00 ; elapsed = 00:00:00.053 . Memory (MB): peak = 606.641 ; gain = 0.000
Finished Constraint Validation : Time (s): cpu = 00:01:07 ; elapsed = 00:01:09 . Memory (MB): peak = 606.641 ; gain = 342.445
Finished Loading Part and Timing Information : Time (s): cpu = 00:01:07 ; elapsed = 00:01:09 . Memory (MB): peak = 606.641 ; gain = 342.445
Finished applying 'set_property' XDC Constraints : Time (s): cpu = 00:01:07 ; elapsed = 00:01:09 . Memory (MB): peak = 606.641 ; gain = 342.445
Finished RTL Optimization Phase 2 : Time (s): cpu = 00:01:07 ; elapsed = 00:01:10 . Memory (MB): peak = 606.641 ; gain = 342.445
Finished Cross Boundary and Area Optimization : Time (s): cpu = 00:01:10 ; elapsed = 00:01:12 . Memory (MB): peak = 606.641 ; gain = 342.445
Finished Applying XDC Timing Constraints : Time (s): cpu = 00:01:50 ; elapsed = 00:01:55 . Memory (MB): peak = 635.141 ; gain = 370.945
Finished Timing Optimization : Time (s): cpu = 00:01:50 ; elapsed = 00:01:55 . Memory (MB): peak = 635.141 ; gain = 370.945
Finished Technology Mapping : Time (s): cpu = 00:01:51 ; elapsed = 00:01:55 . Memory (MB): peak = 645.281 ; gain = 381.086
Finished IO Insertion : Time (s): cpu = 00:01:54 ; elapsed = 00:01:59 . Memory (MB): peak = 645.281 ; gain = 381.086
Finished Renaming Generated Instances : Time (s): cpu = 00:01:54 ; elapsed = 00:01:59 . Memory (MB): peak = 645.281 ; gain = 381.086
Finished Rebuilding User Hierarchy : Time (s): cpu = 00:01:54 ; elapsed = 00:01:59 . Memory (MB): peak = 645.281 ; gain = 381.086
Finished Renaming Generated Ports : Time (s): cpu = 00:01:54 ; elapsed = 00:01:59 . Memory (MB): peak = 645.281 ; gain = 381.086
Finished Handling Custom Attributes : Time (s): cpu = 00:01:54 ; elapsed = 00:01:59 . Memory (MB): peak = 645.281 ; gain = 381.086
Finished Renaming Generated Nets : Time (s): cpu = 00:01:54 ; elapsed = 00:01:59 . Memory (MB): peak = 645.281 ; gain = 381.086

Report Cell Usage: 
+------+-----+------+
|      |Cell |Count |
+------+-----+------+
|1     |FDS  |     1|
+------+-----+------+
Finished Writing Synthesis Report : Time (s): cpu = 00:01:54 ; elapsed = 00:01:59 . Memory (MB): peak = 645.281 ; gain = 381.086
synth_design: Time (s): cpu = 00:01:58 ; elapsed = 00:02:03 . Memory (MB): peak = 657.801 ; gain = 401.609
